============================= test session starts ==============================
platform linux -- Python 3.12.12, pytest-8.3.4, pluggy-1.6.0 -- /home/jules/.pyenv/versions/3.12.12/bin/python
cachedir: .pytest_cache
rootdir: /app
configfile: pytest.ini
plugins: respx-0.21.1, socket-0.7.0, homeassistant-custom-component-0.13.205, requests-mock-1.12.1, syrupy-4.8.0, github-actions-annotate-failures-0.2.0, sugar-1.0.0, asyncio-0.24.0, unordered-0.6.1, xdist-3.6.1, picked-0.5.0, aiohttp-1.0.5, pytest_freezer-0.4.8, timeout-2.3.1, anyio-4.12.1, cov-6.0.0
asyncio: mode=Mode.AUTO, default_loop_scope=function
collecting ... collected 1 item

tests/meraki_select/test_vpn_select.py::test_vpn_select_entity FAILED    [100%]
tests/meraki_select/test_vpn_select.py::test_vpn_select_entity ERROR     [100%]

==================================== ERRORS ====================================
_________________ ERROR at teardown of test_vpn_select_entity __________________

event_loop = <_UnixSelectorEventLoop running=False closed=True debug=True>
expected_lingering_tasks = False, expected_lingering_timers = False

    @pytest.fixture(autouse=True)
    def verify_cleanup(
        event_loop: asyncio.AbstractEventLoop,
        expected_lingering_tasks: bool,
        expected_lingering_timers: bool,
    ) -> Generator[None]:
        """Verify that the test has cleaned up resources correctly."""
        threads_before = frozenset(threading.enumerate())
        tasks_before = asyncio.all_tasks(event_loop)
        yield

        event_loop.run_until_complete(event_loop.shutdown_default_executor())

        if len(INSTANCES) >= 2:
            count = len(INSTANCES)
            for inst in INSTANCES:
                inst.stop()
            pytest.exit(f"Detected non stopped instances ({count}), aborting test run")

        # Warn and clean-up lingering tasks and timers
        # before moving on to the next test.
        tasks = asyncio.all_tasks(event_loop) - tasks_before
        for task in tasks:
            if expected_lingering_tasks:
                _LOGGER.warning("Lingering task after test %r", task)
            else:
                pytest.fail(f"Lingering task after test {task!r}")
            task.cancel()
        if tasks:
            event_loop.run_until_complete(asyncio.wait(tasks))

        for handle in get_scheduled_timer_handles(event_loop):
            if not handle.cancelled():
                with long_repr_strings():
                    if expected_lingering_timers:
                        _LOGGER.warning("Lingering timer after test %r", handle)
                    elif handle._args and isinstance(job := handle._args[-1], HassJob):
                        if job.cancel_on_shutdown:
                            continue
                        pytest.fail(f"Lingering timer after job {job!r}")
                    else:
>                       pytest.fail(f"Lingering timer after test {handle!r}")
E                       Failed: Lingering timer after test <TimerHandle when=4517.091092937 Debouncer._on_debounce() created at /home/jules/.pyenv/versions/3.12.12/lib/python3.12/site-packages/homeassistant/helpers/debounce.py:180>

/home/jules/.pyenv/versions/3.12.12/lib/python3.12/site-packages/pytest_homeassistant_custom_component/plugins.py:399: Failed
---------------------------- Captured stderr setup -----------------------------
DEBUG:asyncio:Using selector: EpollSelector
DEBUG:asyncio:Using selector: EpollSelector
DEBUG:homeassistant.helpers.restore_state:Not creating cache - no saved states found
------------------------------ Captured log setup ------------------------------
DEBUG    asyncio:selector_events.py:64 Using selector: EpollSelector
DEBUG    asyncio:selector_events.py:64 Using selector: EpollSelector
DEBUG    homeassistant.helpers.restore_state:restore_state.py:147 Not creating cache - no saved states found
----------------------------- Captured stderr call -----------------------------
INFO:homeassistant.loader:Loaded meraki_ha from custom_components.meraki_ha
WARNING:homeassistant.loader:We found a custom integration meraki_ha which has not been tested by Home Assistant. This component might cause stability problems, be sure to disable it if you experience issues with Home Assistant
INFO:homeassistant.loader:Loaded http from homeassistant.components.http
DEBUG:homeassistant.helpers.translation:Cache miss for en: {'http'}
DEBUG:homeassistant.loader:Component http import took 0.000 seconds (loaded_executor=False)
INFO:homeassistant.setup:Setting up http
WARNING:aiohttp_fast_zlib:zlib_ng and isal are not available, falling back to zlib, performance will be degraded.
DEBUG:homeassistant.components.network.network:Adapters: [{'name': 'eth0', 'index': 0, 'enabled': True, 'auto': True, 'default': True, 'ipv4': [{'address': '10.10.10.10', 'network_prefix': 24}], 'ipv6': []}]
DEBUG:homeassistant.core:Bus:Handling <Event user_added[L]: user_id=be4b33c17402446bbe378ed3de86c6c7>
DEBUG:pytest_homeassistant_custom_component.common:Writing data to http.auth: {'version': 1, 'minor_version': 1, 'key': 'http.auth', 'data': {'content_user': 'be4b33c17402446bbe378ed3de86c6c7'}}
DEBUG:homeassistant.core:Bus:Handling <Event component_loaded[L]: component=http>
DEBUG:homeassistant.helpers.translation:Cache miss for en: {'meraki_ha'}
DEBUG:homeassistant.loader:Component meraki_ha import took 0.024 seconds (loaded_executor=True)
INFO:homeassistant.setup:Setting up meraki_ha
DEBUG:custom_components.meraki_ha.services.ipsk_manager:IPSKManager set up with 0 active keys
DEBUG:homeassistant.core:Bus:Handling <Event service_registered[L]: domain=meraki_ha, service=create_guest_key>
DEBUG:homeassistant.core:Bus:Handling <Event device_registry_updated[L]: action=create, device_id=0ca42dab5eaf272a2c672c354e4ac0f5>
DEBUG:custom_components.meraki_ha.coordinators.base:Finished fetching meraki_ha_device data in 0.001 seconds (success: True)
DEBUG:custom_components.meraki_ha.coordinators.base:Finished fetching meraki_ha_main data in 0.000 seconds (success: True)
DEBUG:custom_components.meraki_ha.coordinators.base:Finished fetching meraki_ha_switch data in 0.004 seconds (success: True)
DEBUG:custom_components.meraki_ha.coordinators.base:Finished fetching meraki_ha_camera data in 0.001 seconds (success: True)
DEBUG:custom_components.meraki_ha.coordinators.base:Finished fetching meraki_ha_sensor data in 0.001 seconds (success: True)
DEBUG:custom_components.meraki_ha.coordinators.base:Finished fetching meraki_ha_wireless data in 0.001 seconds (success: True)
DEBUG:custom_components.meraki_ha.coordinators.base:Finished fetching meraki_ha_appliance data in 0.001 seconds (success: True)
DEBUG:custom_components.meraki_ha.coordinators.base:Finished fetching meraki_ha_client data in 0.001 seconds (success: True)
DEBUG:custom_components.meraki_ha.core.entities:Naming Debug - Entity: None | Class: MerakiNetworkClientsSensor | has_entity_name: True | _attr_name: Clients | Device Identifiers: {('meraki_ha', 'network_N_12345')}
DEBUG:custom_components.meraki_ha.core.entities.meraki_network_entity:Naming Debug - Entity: None | Class: MerakiNetworkClientsSensor | has_entity_name: True | _attr_name: Clients | Device Identifiers: {('meraki_ha', 'network_N_12345')}
DEBUG:custom_components.meraki_ha.discovery.handlers.network:No VLANs found for network N_12345
DEBUG:custom_components.meraki_ha.discovery.service:Starting entity discovery for 1 devices
INFO:custom_components.meraki_ha.discovery.service:Entity discovery complete. Found 7 entities.
DEBUG:homeassistant.core:Bus:Handling <Event service_registered[L]: domain=meraki_ha, service=reboot_device>
DEBUG:homeassistant.core:Bus:Handling <Event service_registered[L]: domain=meraki_ha, service=cycle_port>
DEBUG:homeassistant.core:Bus:Handling <Event service_registered[L]: domain=meraki_ha, service=generate_snapshot>
ERROR:homeassistant.components.camera.img_util:Error loading libturbojpeg; Camera snapshot performance will be sub-optimal
Traceback (most recent call last):
  File "/home/jules/.pyenv/versions/3.12.12/lib/python3.12/site-packages/homeassistant/components/camera/img_util.py", line 100, in __init__
    TurboJPEGSingleton.__instance = TurboJPEG()
                                    ^^^^^^^^^
NameError: name 'TurboJPEG' is not defined
DEBUG:homeassistant.loader:Importing platforms for meraki_ha executor=['camera', 'number', 'select'] loop=['sensor', 'binary_sensor', 'button', 'switch', 'text'] took 0.12s
INFO:homeassistant.loader:Loaded sensor from homeassistant.components.sensor
INFO:homeassistant.loader:Loaded binary_sensor from homeassistant.components.binary_sensor
INFO:homeassistant.loader:Loaded button from homeassistant.components.button
INFO:homeassistant.loader:Loaded switch from homeassistant.components.switch
INFO:homeassistant.loader:Loaded text from homeassistant.components.text
INFO:homeassistant.loader:Loaded camera from homeassistant.components.camera
INFO:homeassistant.loader:Loaded number from homeassistant.components.number
INFO:homeassistant.loader:Loaded select from homeassistant.components.select
DEBUG:homeassistant.helpers.translation:Cache miss for en: {'sensor'}
DEBUG:homeassistant.loader:Component sensor import took 0.000 seconds (loaded_executor=False)
INFO:homeassistant.setup:Setting up sensor
DEBUG:homeassistant.loader:Component binary_sensor import took 0.000 seconds (loaded_executor=False)
INFO:homeassistant.setup:Setting up binary_sensor
DEBUG:homeassistant.loader:Component button import took 0.000 seconds (loaded_executor=False)
INFO:homeassistant.setup:Setting up button
DEBUG:homeassistant.core:Bus:Handling <Event service_registered[L]: domain=button, service=press>
DEBUG:homeassistant.loader:Component switch import took 0.000 seconds (loaded_executor=False)
INFO:homeassistant.setup:Setting up switch
DEBUG:homeassistant.core:Bus:Handling <Event service_registered[L]: domain=switch, service=turn_off>
DEBUG:homeassistant.core:Bus:Handling <Event service_registered[L]: domain=switch, service=turn_on>
DEBUG:homeassistant.core:Bus:Handling <Event service_registered[L]: domain=switch, service=toggle>
DEBUG:homeassistant.loader:Component text import took 0.000 seconds (loaded_executor=False)
INFO:homeassistant.setup:Setting up text
DEBUG:homeassistant.core:Bus:Handling <Event service_registered[L]: domain=text, service=set_value>
DEBUG:homeassistant.loader:Component camera import took 0.000 seconds (loaded_executor=False)
INFO:homeassistant.setup:Setting up camera
DEBUG:homeassistant.core:Bus:Handling <Event service_registered[L]: domain=camera, service=enable_motion_detection>
DEBUG:homeassistant.core:Bus:Handling <Event service_registered[L]: domain=camera, service=disable_motion_detection>
DEBUG:homeassistant.core:Bus:Handling <Event service_registered[L]: domain=camera, service=turn_off>
DEBUG:homeassistant.core:Bus:Handling <Event service_registered[L]: domain=camera, service=turn_on>
DEBUG:homeassistant.core:Bus:Handling <Event service_registered[L]: domain=camera, service=snapshot>
DEBUG:homeassistant.core:Bus:Handling <Event service_registered[L]: domain=camera, service=play_stream>
DEBUG:homeassistant.core:Bus:Handling <Event service_registered[L]: domain=camera, service=record>
DEBUG:homeassistant.loader:Component number import took 0.000 seconds (loaded_executor=False)
INFO:homeassistant.setup:Setting up number
DEBUG:homeassistant.core:Bus:Handling <Event service_registered[L]: domain=number, service=set_value>
DEBUG:homeassistant.loader:Component select import took 0.000 seconds (loaded_executor=False)
INFO:homeassistant.setup:Setting up select
DEBUG:homeassistant.core:Bus:Handling <Event service_registered[L]: domain=select, service=select_first>
DEBUG:homeassistant.core:Bus:Handling <Event service_registered[L]: domain=select, service=select_last>
DEBUG:homeassistant.core:Bus:Handling <Event service_registered[L]: domain=select, service=select_next>
DEBUG:homeassistant.core:Bus:Handling <Event service_registered[L]: domain=select, service=select_option>
DEBUG:homeassistant.core:Bus:Handling <Event service_registered[L]: domain=select, service=select_previous>
DEBUG:homeassistant.helpers.translation:Cache miss for en: {'binary_sensor'}
DEBUG:homeassistant.core:Bus:Handling <Event component_loaded[L]: component=sensor>
INFO:homeassistant.components.sensor:Setting up meraki_ha.sensor
DEBUG:homeassistant.core:Bus:Handling <Event device_registry_updated[L]: action=update, device_id=0ca42dab5eaf272a2c672c354e4ac0f5, changes=configuration_url=None, entry_type=None, model=Meraki Network, name=[Network] Main Office>
INFO:homeassistant.helpers.entity_registry:Registered new sensor.meraki_ha entity: sensor.site_main_office_clients
DEBUG:homeassistant.core:Bus:Handling <Event entity_registry_updated[L]: action=create, entity_id=sensor.site_main_office_clients>
DEBUG:homeassistant.core:Bus:Handling <Event state_changed[L]: entity_id=sensor.site_main_office_clients, old_state=None, new_state=<state sensor.site_main_office_clients=0; state_class=measurement, friendly_name=Site: Main Office Clients @ 2026-03-06T21:24:03.333088-08:00>>
DEBUG:homeassistant.core:Bus:Handling <Event device_registry_updated[L]: action=create, device_id=2917daecc9edfc38022414dbd275a713>
INFO:homeassistant.helpers.entity_registry:Registered new sensor.meraki_ha entity: sensor.device_vpn_appliance_status
DEBUG:homeassistant.core:Bus:Handling <Event entity_registry_updated[L]: action=create, entity_id=sensor.device_vpn_appliance_status>
DEBUG:homeassistant.core:Bus:Handling <Event state_changed[L]: entity_id=sensor.device_vpn_appliance_status, old_state=None, new_state=<state sensor.device_vpn_appliance_status=unknown; options=['online', 'offline', 'alerting', 'dormant', 'unknown'], model=MX64, serial_number=Q234-ABCD-VPN, tags=[], device_class=enum, icon=mdi:help-network-outline, friendly_name=[Device] VPN Appliance Status @ 2026-03-06T21:24:03.335449-08:00>>
INFO:homeassistant.helpers.entity_registry:Registered new sensor.meraki_ha entity: sensor.device_vpn_appliance_lan_ip
DEBUG:homeassistant.core:Bus:Handling <Event entity_registry_updated[L]: action=create, entity_id=sensor.device_vpn_appliance_lan_ip>
DEBUG:homeassistant.core:Bus:Handling <Event state_changed[L]: entity_id=sensor.device_vpn_appliance_lan_ip, old_state=None, new_state=<state sensor.device_vpn_appliance_lan_ip=Multiple (VLANs); icon=mdi:ip-network, friendly_name=[Device] VPN Appliance LAN IP @ 2026-03-06T21:24:03.336183-08:00>>
INFO:homeassistant.helpers.entity_registry:Registered new sensor.meraki_ha entity: sensor.device_vpn_appliance_public_ip
DEBUG:homeassistant.core:Bus:Handling <Event entity_registry_updated[L]: action=create, entity_id=sensor.device_vpn_appliance_public_ip>
DEBUG:homeassistant.core:Bus:Handling <Event state_changed[L]: entity_id=sensor.device_vpn_appliance_public_ip, old_state=None, new_state=<state sensor.device_vpn_appliance_public_ip=unknown; icon=mdi:ip-network, friendly_name=[Device] VPN Appliance Public IP @ 2026-03-06T21:24:03.336888-08:00>>
DEBUG:homeassistant.helpers.translation:Cache miss for en: {'button'}
DEBUG:homeassistant.core:Bus:Handling <Event component_loaded[L]: component=binary_sensor>
INFO:homeassistant.components.binary_sensor:Setting up meraki_ha.binary_sensor
INFO:homeassistant.helpers.entity_registry:Registered new binary_sensor.meraki_ha entity: binary_sensor.site_main_office_uplink_status
DEBUG:homeassistant.core:Bus:Handling <Event entity_registry_updated[L]: action=create, entity_id=binary_sensor.site_main_office_uplink_status>
DEBUG:homeassistant.core:Bus:Handling <Event state_changed[L]: entity_id=binary_sensor.site_main_office_uplink_status, old_state=None, new_state=<state binary_sensor.site_main_office_uplink_status=on; device_class=connectivity, friendly_name=Site: Main Office Uplink status @ 2026-03-06T21:24:03.343432-08:00>>
DEBUG:homeassistant.helpers.translation:Cache miss for en: {'switch'}
DEBUG:homeassistant.core:Bus:Handling <Event component_loaded[L]: component=button>
INFO:homeassistant.components.button:Setting up meraki_ha.button
INFO:homeassistant.helpers.entity_registry:Registered new button.meraki_ha entity: button.device_vpn_appliance_reboot
DEBUG:homeassistant.core:Bus:Handling <Event entity_registry_updated[L]: action=create, entity_id=button.device_vpn_appliance_reboot>
DEBUG:homeassistant.core:Bus:Handling <Event state_changed[L]: entity_id=button.device_vpn_appliance_reboot, old_state=None, new_state=<state button.device_vpn_appliance_reboot=unknown; friendly_name=[Device] VPN Appliance Reboot @ 2026-03-06T21:24:03.348620-08:00>>
DEBUG:homeassistant.helpers.translation:Cache miss for en: {'text'}
DEBUG:homeassistant.core:Bus:Handling <Event component_loaded[L]: component=switch>
INFO:homeassistant.components.switch:Setting up meraki_ha.switch
ERROR:homeassistant.components.switch:Error while setting up meraki_ha platform for switch
Traceback (most recent call last):
  File "/home/jules/.pyenv/versions/3.12.12/lib/python3.12/site-packages/homeassistant/helpers/entity_platform.py", line 366, in _async_setup_platform
    await asyncio.shield(awaitable)
  File "/app/custom_components/meraki_ha/switch/__init__.py", line 66, in async_setup_entry
    async_setup_switches(
  File "/app/custom_components/meraki_ha/switch/setup_helpers.py", line 48, in async_setup_switches
    setup_vpn_switches(config_entry, coordinator, added_entities, async_add_entities)
  File "/app/custom_components/meraki_ha/switch/builders/vpn.py", line 27, in setup_vpn_switches
    entities = _build_vpn_entities(
               ^^^^^^^^^^^^^^^^^^^^
  File "/app/custom_components/meraki_ha/switch/builders/vpn.py", line 43, in _build_vpn_entities
    for network_id, vpn_status in vpn_status_by_network.items():
                                  ^^^^^^^^^^^^^^^^^^^^^^^^^^^
AttributeError: 'coroutine' object has no attribute 'items'
DEBUG:homeassistant.helpers.translation:Cache miss for en: {'camera'}
DEBUG:homeassistant.core:Bus:Handling <Event component_loaded[L]: component=text>
INFO:homeassistant.components.text:Setting up meraki_ha.text
DEBUG:homeassistant.helpers.translation:Cache miss for en: {'number'}
DEBUG:homeassistant.core:Bus:Handling <Event component_loaded[L]: component=camera>
INFO:homeassistant.components.camera:Setting up meraki_ha.camera
DEBUG:homeassistant.helpers.translation:Cache miss for en: {'select'}
DEBUG:homeassistant.core:Bus:Handling <Event component_loaded[L]: component=number>
INFO:homeassistant.components.number:Setting up meraki_ha.number
DEBUG:custom_components.meraki_ha.number:Found 0 number entities
DEBUG:homeassistant.core:Bus:Handling <Event component_loaded[L]: component=select>
INFO:homeassistant.components.select:Setting up meraki_ha.select
DEBUG:custom_components.meraki_ha.meraki_select:Adding 2 select entities
INFO:homeassistant.helpers.entity_registry:Registered new select.meraki_ha entity: select.content_filtering_profile
DEBUG:homeassistant.core:Bus:Handling <Event entity_registry_updated[L]: action=create, entity_id=select.content_filtering_profile>
DEBUG:homeassistant.core:Bus:Handling <Event state_changed[L]: entity_id=select.content_filtering_profile, old_state=None, new_state=<state select.content_filtering_profile=unknown; options=['None', 'Security', 'Family', 'Strict'], icon=mdi:web-filter, friendly_name=Content filtering profile @ 2026-03-06T21:24:03.367671-08:00>>
INFO:homeassistant.helpers.entity_registry:Registered new select.meraki_ha entity: select.site_main_office_vpn_mode
DEBUG:homeassistant.core:Bus:Handling <Event entity_registry_updated[L]: action=create, entity_id=select.site_main_office_vpn_mode>
DEBUG:homeassistant.core:Bus:Handling <Event state_changed[L]: entity_id=select.site_main_office_vpn_mode, old_state=None, new_state=<state select.site_main_office_vpn_mode=spoke; options=['none', 'spoke', 'hub'], icon=mdi:vpn, friendly_name=Site: Main Office VPN mode @ 2026-03-06T21:24:03.368533-08:00>>
DEBUG:homeassistant.core:Bus:Handling <Event component_loaded[L]: component=meraki_ha>
DEBUG:homeassistant.core:Bus:Handling <Event call_service[L]: domain=select, service=select_option, service_data=entity_id=select.site_main_office_vpn_mode, option=hub>
DEBUG:urllib3.connectionpool:Starting new HTTPS connection (1): api.meraki.com:443
WARNING:custom_components.meraki_ha.core.api.client:An unexpected error occurred during API call: A test tried to use socket.socket.. Type: SocketBlockedError
DEBUG:custom_components.meraki_ha.core.api.client:Unexpected API error stack trace
Traceback (most recent call last):
  File "/app/custom_components/meraki_ha/core/api/client.py", line 134, in run_sync
    result = await loop.run_in_executor(
             ^^^^^^^^^^^^^^^^^^^^^^^^^^^
  File "/home/jules/.pyenv/versions/3.12.12/lib/python3.12/concurrent/futures/thread.py", line 59, in run
    result = self.fn(*self.args, **self.kwargs)
             ^^^^^^^^^^^^^^^^^^^^^^^^^^^^^^^^^^
  File "/home/jules/.pyenv/versions/3.12.12/lib/python3.12/site-packages/meraki/api/appliance.py", line 2292, in updateNetworkApplianceVpnSiteToSiteVpn
    return self._session.put(metadata, resource, payload)
           ^^^^^^^^^^^^^^^^^^^^^^^^^^^^^^^^^^^^^^^^^^^^^^
  File "/home/jules/.pyenv/versions/3.12.12/lib/python3.12/site-packages/meraki/rest_session.py", line 490, in put
    response = self.request(metadata, 'PUT', url, json=json)
               ^^^^^^^^^^^^^^^^^^^^^^^^^^^^^^^^^^^^^^^^^^^^^
  File "/home/jules/.pyenv/versions/3.12.12/lib/python3.12/site-packages/meraki/rest_session.py", line 183, in request
    response = self._req_session.request(method, abs_url, allow_redirects=False,
               ^^^^^^^^^^^^^^^^^^^^^^^^^^^^^^^^^^^^^^^^^^^^^^^^^^^^^^^^^^^^^^^^^
  File "/home/jules/.pyenv/versions/3.12.12/lib/python3.12/site-packages/requests/sessions.py", line 589, in request
    resp = self.send(prep, **send_kwargs)
           ^^^^^^^^^^^^^^^^^^^^^^^^^^^^^^
  File "/home/jules/.pyenv/versions/3.12.12/lib/python3.12/site-packages/requests/sessions.py", line 703, in send
    r = adapter.send(request, **kwargs)
        ^^^^^^^^^^^^^^^^^^^^^^^^^^^^^^^
  File "/home/jules/.pyenv/versions/3.12.12/lib/python3.12/site-packages/requests/adapters.py", line 667, in send
    resp = conn.urlopen(
           ^^^^^^^^^^^^^
  File "/home/jules/.pyenv/versions/3.12.12/lib/python3.12/site-packages/urllib3/connectionpool.py", line 716, in urlopen
    httplib_response = self._make_request(
                       ^^^^^^^^^^^^^^^^^^^
  File "/home/jules/.pyenv/versions/3.12.12/lib/python3.12/site-packages/urllib3/connectionpool.py", line 404, in _make_request
    self._validate_conn(conn)
  File "/home/jules/.pyenv/versions/3.12.12/lib/python3.12/site-packages/urllib3/connectionpool.py", line 1061, in _validate_conn
    conn.connect()
  File "/home/jules/.pyenv/versions/3.12.12/lib/python3.12/site-packages/urllib3/connection.py", line 363, in connect
    self.sock = conn = self._new_conn()
                       ^^^^^^^^^^^^^^^^
  File "/home/jules/.pyenv/versions/3.12.12/lib/python3.12/site-packages/urllib3/connection.py", line 174, in _new_conn
    conn = connection.create_connection(
           ^^^^^^^^^^^^^^^^^^^^^^^^^^^^^
  File "/home/jules/.pyenv/versions/3.12.12/lib/python3.12/site-packages/urllib3/util/connection.py", line 76, in create_connection
    sock = socket.socket(af, socktype, proto)
           ^^^^^^^^^^^^^^^^^^^^^^^^^^^^^^^^^^
  File "/home/jules/.pyenv/versions/3.12.12/lib/python3.12/site-packages/pytest_socket.py", line 89, in __new__
    raise SocketBlockedError()
pytest_socket.SocketBlockedError: A test tried to use socket.socket.
WARNING:custom_components.meraki_ha.core.utils.api.handlers:Unexpected error: An unexpected error occurred: A test tried to use socket.socket.
ERROR:custom_components.meraki_ha.meraki_select.vpn:Failed to set VPN mode to 'hub' for network N_12345: Unexpected error: An unexpected error occurred: A test tried to use socket.socket.
------------------------------ Captured log call -------------------------------
INFO     homeassistant.loader:loader.py:774 Loaded meraki_ha from custom_components.meraki_ha
WARNING  homeassistant.loader:loader.py:688 We found a custom integration meraki_ha which has not been tested by Home Assistant. This component might cause stability problems, be sure to disable it if you experience issues with Home Assistant
INFO     homeassistant.loader:loader.py:774 Loaded http from homeassistant.components.http
DEBUG    homeassistant.helpers.translation:translation.py:214 Cache miss for en: {'http'}
DEBUG    homeassistant.loader:loader.py:1005 Component http import took 0.000 seconds (loaded_executor=False)
INFO     homeassistant.setup:setup.py:384 Setting up http
WARNING  aiohttp_fast_zlib:__init__.py:49 zlib_ng and isal are not available, falling back to zlib, performance will be degraded.
DEBUG    homeassistant.components.network.network:network.py:33 Adapters: [{'name': 'eth0', 'index': 0, 'enabled': True, 'auto': True, 'default': True, 'ipv4': [{'address': '10.10.10.10', 'network_prefix': 24}], 'ipv6': []}]
DEBUG    homeassistant.core:core.py:1548 Bus:Handling <Event user_added[L]: user_id=be4b33c17402446bbe378ed3de86c6c7>
DEBUG    pytest_homeassistant_custom_component.common:common.py:1423 Writing data to http.auth: {'version': 1, 'minor_version': 1, 'key': 'http.auth', 'data': {'content_user': 'be4b33c17402446bbe378ed3de86c6c7'}}
DEBUG    homeassistant.core:core.py:1548 Bus:Handling <Event component_loaded[L]: component=http>
DEBUG    homeassistant.helpers.translation:translation.py:214 Cache miss for en: {'meraki_ha'}
DEBUG    homeassistant.loader:loader.py:1041 Component meraki_ha import took 0.024 seconds (loaded_executor=True)
INFO     homeassistant.setup:setup.py:384 Setting up meraki_ha
DEBUG    custom_components.meraki_ha.services.ipsk_manager:ipsk_manager.py:60 IPSKManager set up with 0 active keys
DEBUG    homeassistant.core:core.py:1548 Bus:Handling <Event service_registered[L]: domain=meraki_ha, service=create_guest_key>
DEBUG    homeassistant.core:core.py:1548 Bus:Handling <Event device_registry_updated[L]: action=create, device_id=0ca42dab5eaf272a2c672c354e4ac0f5>
DEBUG    custom_components.meraki_ha.coordinators.base:update_coordinator.py:459 Finished fetching meraki_ha_device data in 0.001 seconds (success: True)
DEBUG    custom_components.meraki_ha.coordinators.base:update_coordinator.py:459 Finished fetching meraki_ha_main data in 0.000 seconds (success: True)
DEBUG    custom_components.meraki_ha.coordinators.base:update_coordinator.py:459 Finished fetching meraki_ha_switch data in 0.004 seconds (success: True)
DEBUG    custom_components.meraki_ha.coordinators.base:update_coordinator.py:459 Finished fetching meraki_ha_camera data in 0.001 seconds (success: True)
DEBUG    custom_components.meraki_ha.coordinators.base:update_coordinator.py:459 Finished fetching meraki_ha_sensor data in 0.001 seconds (success: True)
DEBUG    custom_components.meraki_ha.coordinators.base:update_coordinator.py:459 Finished fetching meraki_ha_wireless data in 0.001 seconds (success: True)
DEBUG    custom_components.meraki_ha.coordinators.base:update_coordinator.py:459 Finished fetching meraki_ha_appliance data in 0.001 seconds (success: True)
DEBUG    custom_components.meraki_ha.coordinators.base:update_coordinator.py:459 Finished fetching meraki_ha_client data in 0.001 seconds (success: True)
DEBUG    custom_components.meraki_ha.core.entities:__init__.py:55 Naming Debug - Entity: None | Class: MerakiNetworkClientsSensor | has_entity_name: True | _attr_name: Clients | Device Identifiers: {('meraki_ha', 'network_N_12345')}
DEBUG    custom_components.meraki_ha.core.entities.meraki_network_entity:meraki_network_entity.py:39 Naming Debug - Entity: None | Class: MerakiNetworkClientsSensor | has_entity_name: True | _attr_name: Clients | Device Identifiers: {('meraki_ha', 'network_N_12345')}
DEBUG    custom_components.meraki_ha.discovery.handlers.network:network.py:161 No VLANs found for network N_12345
DEBUG    custom_components.meraki_ha.discovery.service:service.py:137 Starting entity discovery for 1 devices
INFO     custom_components.meraki_ha.discovery.service:service.py:118 Entity discovery complete. Found 7 entities.
DEBUG    homeassistant.core:core.py:1548 Bus:Handling <Event service_registered[L]: domain=meraki_ha, service=reboot_device>
DEBUG    homeassistant.core:core.py:1548 Bus:Handling <Event service_registered[L]: domain=meraki_ha, service=cycle_port>
DEBUG    homeassistant.core:core.py:1548 Bus:Handling <Event service_registered[L]: domain=meraki_ha, service=generate_snapshot>
ERROR    homeassistant.components.camera.img_util:img_util.py:102 Error loading libturbojpeg; Camera snapshot performance will be sub-optimal
Traceback (most recent call last):
  File "/home/jules/.pyenv/versions/3.12.12/lib/python3.12/site-packages/homeassistant/components/camera/img_util.py", line 100, in __init__
    TurboJPEGSingleton.__instance = TurboJPEG()
                                    ^^^^^^^^^
NameError: name 'TurboJPEG' is not defined
DEBUG    homeassistant.loader:loader.py:1193 Importing platforms for meraki_ha executor=['camera', 'number', 'select'] loop=['sensor', 'binary_sensor', 'button', 'switch', 'text'] took 0.12s
INFO     homeassistant.loader:loader.py:774 Loaded sensor from homeassistant.components.sensor
INFO     homeassistant.loader:loader.py:774 Loaded binary_sensor from homeassistant.components.binary_sensor
INFO     homeassistant.loader:loader.py:774 Loaded button from homeassistant.components.button
INFO     homeassistant.loader:loader.py:774 Loaded switch from homeassistant.components.switch
INFO     homeassistant.loader:loader.py:774 Loaded text from homeassistant.components.text
INFO     homeassistant.loader:loader.py:774 Loaded camera from homeassistant.components.camera
INFO     homeassistant.loader:loader.py:774 Loaded number from homeassistant.components.number
INFO     homeassistant.loader:loader.py:774 Loaded select from homeassistant.components.select
DEBUG    homeassistant.helpers.translation:translation.py:214 Cache miss for en: {'sensor'}
DEBUG    homeassistant.loader:loader.py:1005 Component sensor import took 0.000 seconds (loaded_executor=False)
INFO     homeassistant.setup:setup.py:384 Setting up sensor
DEBUG    homeassistant.loader:loader.py:1005 Component binary_sensor import took 0.000 seconds (loaded_executor=False)
INFO     homeassistant.setup:setup.py:384 Setting up binary_sensor
DEBUG    homeassistant.loader:loader.py:1005 Component button import took 0.000 seconds (loaded_executor=False)
INFO     homeassistant.setup:setup.py:384 Setting up button
DEBUG    homeassistant.core:core.py:1548 Bus:Handling <Event service_registered[L]: domain=button, service=press>
DEBUG    homeassistant.loader:loader.py:1005 Component switch import took 0.000 seconds (loaded_executor=False)
INFO     homeassistant.setup:setup.py:384 Setting up switch
DEBUG    homeassistant.core:core.py:1548 Bus:Handling <Event service_registered[L]: domain=switch, service=turn_off>
DEBUG    homeassistant.core:core.py:1548 Bus:Handling <Event service_registered[L]: domain=switch, service=turn_on>
DEBUG    homeassistant.core:core.py:1548 Bus:Handling <Event service_registered[L]: domain=switch, service=toggle>
DEBUG    homeassistant.loader:loader.py:1005 Component text import took 0.000 seconds (loaded_executor=False)
INFO     homeassistant.setup:setup.py:384 Setting up text
DEBUG    homeassistant.core:core.py:1548 Bus:Handling <Event service_registered[L]: domain=text, service=set_value>
DEBUG    homeassistant.loader:loader.py:1005 Component camera import took 0.000 seconds (loaded_executor=False)
INFO     homeassistant.setup:setup.py:384 Setting up camera
DEBUG    homeassistant.core:core.py:1548 Bus:Handling <Event service_registered[L]: domain=camera, service=enable_motion_detection>
DEBUG    homeassistant.core:core.py:1548 Bus:Handling <Event service_registered[L]: domain=camera, service=disable_motion_detection>
DEBUG    homeassistant.core:core.py:1548 Bus:Handling <Event service_registered[L]: domain=camera, service=turn_off>
DEBUG    homeassistant.core:core.py:1548 Bus:Handling <Event service_registered[L]: domain=camera, service=turn_on>
DEBUG    homeassistant.core:core.py:1548 Bus:Handling <Event service_registered[L]: domain=camera, service=snapshot>
DEBUG    homeassistant.core:core.py:1548 Bus:Handling <Event service_registered[L]: domain=camera, service=play_stream>
DEBUG    homeassistant.core:core.py:1548 Bus:Handling <Event service_registered[L]: domain=camera, service=record>
DEBUG    homeassistant.loader:loader.py:1005 Component number import took 0.000 seconds (loaded_executor=False)
INFO     homeassistant.setup:setup.py:384 Setting up number
DEBUG    homeassistant.core:core.py:1548 Bus:Handling <Event service_registered[L]: domain=number, service=set_value>
DEBUG    homeassistant.loader:loader.py:1005 Component select import took 0.000 seconds (loaded_executor=False)
INFO     homeassistant.setup:setup.py:384 Setting up select
DEBUG    homeassistant.core:core.py:1548 Bus:Handling <Event service_registered[L]: domain=select, service=select_first>
DEBUG    homeassistant.core:core.py:1548 Bus:Handling <Event service_registered[L]: domain=select, service=select_last>
DEBUG    homeassistant.core:core.py:1548 Bus:Handling <Event service_registered[L]: domain=select, service=select_next>
DEBUG    homeassistant.core:core.py:1548 Bus:Handling <Event service_registered[L]: domain=select, service=select_option>
DEBUG    homeassistant.core:core.py:1548 Bus:Handling <Event service_registered[L]: domain=select, service=select_previous>
DEBUG    homeassistant.helpers.translation:translation.py:214 Cache miss for en: {'binary_sensor'}
DEBUG    homeassistant.core:core.py:1548 Bus:Handling <Event component_loaded[L]: component=sensor>
INFO     homeassistant.components.sensor:entity_platform.py:351 Setting up meraki_ha.sensor
DEBUG    homeassistant.core:core.py:1548 Bus:Handling <Event device_registry_updated[L]: action=update, device_id=0ca42dab5eaf272a2c672c354e4ac0f5, changes=configuration_url=None, entry_type=None, model=Meraki Network, name=[Network] Main Office>
INFO     homeassistant.helpers.entity_registry:entity_registry.py:918 Registered new sensor.meraki_ha entity: sensor.site_main_office_clients
DEBUG    homeassistant.core:core.py:1548 Bus:Handling <Event entity_registry_updated[L]: action=create, entity_id=sensor.site_main_office_clients>
DEBUG    homeassistant.core:core.py:1548 Bus:Handling <Event state_changed[L]: entity_id=sensor.site_main_office_clients, old_state=None, new_state=<state sensor.site_main_office_clients=0; state_class=measurement, friendly_name=Site: Main Office Clients @ 2026-03-06T21:24:03.333088-08:00>>
DEBUG    homeassistant.core:core.py:1548 Bus:Handling <Event device_registry_updated[L]: action=create, device_id=2917daecc9edfc38022414dbd275a713>
INFO     homeassistant.helpers.entity_registry:entity_registry.py:918 Registered new sensor.meraki_ha entity: sensor.device_vpn_appliance_status
DEBUG    homeassistant.core:core.py:1548 Bus:Handling <Event entity_registry_updated[L]: action=create, entity_id=sensor.device_vpn_appliance_status>
DEBUG    homeassistant.core:core.py:1548 Bus:Handling <Event state_changed[L]: entity_id=sensor.device_vpn_appliance_status, old_state=None, new_state=<state sensor.device_vpn_appliance_status=unknown; options=['online', 'offline', 'alerting', 'dormant', 'unknown'], model=MX64, serial_number=Q234-ABCD-VPN, tags=[], device_class=enum, icon=mdi:help-network-outline, friendly_name=[Device] VPN Appliance Status @ 2026-03-06T21:24:03.335449-08:00>>
INFO     homeassistant.helpers.entity_registry:entity_registry.py:918 Registered new sensor.meraki_ha entity: sensor.device_vpn_appliance_lan_ip
DEBUG    homeassistant.core:core.py:1548 Bus:Handling <Event entity_registry_updated[L]: action=create, entity_id=sensor.device_vpn_appliance_lan_ip>
DEBUG    homeassistant.core:core.py:1548 Bus:Handling <Event state_changed[L]: entity_id=sensor.device_vpn_appliance_lan_ip, old_state=None, new_state=<state sensor.device_vpn_appliance_lan_ip=Multiple (VLANs); icon=mdi:ip-network, friendly_name=[Device] VPN Appliance LAN IP @ 2026-03-06T21:24:03.336183-08:00>>
INFO     homeassistant.helpers.entity_registry:entity_registry.py:918 Registered new sensor.meraki_ha entity: sensor.device_vpn_appliance_public_ip
DEBUG    homeassistant.core:core.py:1548 Bus:Handling <Event entity_registry_updated[L]: action=create, entity_id=sensor.device_vpn_appliance_public_ip>
DEBUG    homeassistant.core:core.py:1548 Bus:Handling <Event state_changed[L]: entity_id=sensor.device_vpn_appliance_public_ip, old_state=None, new_state=<state sensor.device_vpn_appliance_public_ip=unknown; icon=mdi:ip-network, friendly_name=[Device] VPN Appliance Public IP @ 2026-03-06T21:24:03.336888-08:00>>
DEBUG    homeassistant.helpers.translation:translation.py:214 Cache miss for en: {'button'}
DEBUG    homeassistant.core:core.py:1548 Bus:Handling <Event component_loaded[L]: component=binary_sensor>
INFO     homeassistant.components.binary_sensor:entity_platform.py:351 Setting up meraki_ha.binary_sensor
INFO     homeassistant.helpers.entity_registry:entity_registry.py:918 Registered new binary_sensor.meraki_ha entity: binary_sensor.site_main_office_uplink_status
DEBUG    homeassistant.core:core.py:1548 Bus:Handling <Event entity_registry_updated[L]: action=create, entity_id=binary_sensor.site_main_office_uplink_status>
DEBUG    homeassistant.core:core.py:1548 Bus:Handling <Event state_changed[L]: entity_id=binary_sensor.site_main_office_uplink_status, old_state=None, new_state=<state binary_sensor.site_main_office_uplink_status=on; device_class=connectivity, friendly_name=Site: Main Office Uplink status @ 2026-03-06T21:24:03.343432-08:00>>
DEBUG    homeassistant.helpers.translation:translation.py:214 Cache miss for en: {'switch'}
DEBUG    homeassistant.core:core.py:1548 Bus:Handling <Event component_loaded[L]: component=button>
INFO     homeassistant.components.button:entity_platform.py:351 Setting up meraki_ha.button
INFO     homeassistant.helpers.entity_registry:entity_registry.py:918 Registered new button.meraki_ha entity: button.device_vpn_appliance_reboot
DEBUG    homeassistant.core:core.py:1548 Bus:Handling <Event entity_registry_updated[L]: action=create, entity_id=button.device_vpn_appliance_reboot>
DEBUG    homeassistant.core:core.py:1548 Bus:Handling <Event state_changed[L]: entity_id=button.device_vpn_appliance_reboot, old_state=None, new_state=<state button.device_vpn_appliance_reboot=unknown; friendly_name=[Device] VPN Appliance Reboot @ 2026-03-06T21:24:03.348620-08:00>>
DEBUG    homeassistant.helpers.translation:translation.py:214 Cache miss for en: {'text'}
DEBUG    homeassistant.core:core.py:1548 Bus:Handling <Event component_loaded[L]: component=switch>
INFO     homeassistant.components.switch:entity_platform.py:351 Setting up meraki_ha.switch
ERROR    homeassistant.components.switch:entity_platform.py:430 Error while setting up meraki_ha platform for switch
Traceback (most recent call last):
  File "/home/jules/.pyenv/versions/3.12.12/lib/python3.12/site-packages/homeassistant/helpers/entity_platform.py", line 366, in _async_setup_platform
    await asyncio.shield(awaitable)
  File "/app/custom_components/meraki_ha/switch/__init__.py", line 66, in async_setup_entry
    async_setup_switches(
  File "/app/custom_components/meraki_ha/switch/setup_helpers.py", line 48, in async_setup_switches
    setup_vpn_switches(config_entry, coordinator, added_entities, async_add_entities)
  File "/app/custom_components/meraki_ha/switch/builders/vpn.py", line 27, in setup_vpn_switches
    entities = _build_vpn_entities(
               ^^^^^^^^^^^^^^^^^^^^
  File "/app/custom_components/meraki_ha/switch/builders/vpn.py", line 43, in _build_vpn_entities
    for network_id, vpn_status in vpn_status_by_network.items():
                                  ^^^^^^^^^^^^^^^^^^^^^^^^^^^
AttributeError: 'coroutine' object has no attribute 'items'
DEBUG    homeassistant.helpers.translation:translation.py:214 Cache miss for en: {'camera'}
DEBUG    homeassistant.core:core.py:1548 Bus:Handling <Event component_loaded[L]: component=text>
INFO     homeassistant.components.text:entity_platform.py:351 Setting up meraki_ha.text
DEBUG    homeassistant.helpers.translation:translation.py:214 Cache miss for en: {'number'}
DEBUG    homeassistant.core:core.py:1548 Bus:Handling <Event component_loaded[L]: component=camera>
INFO     homeassistant.components.camera:entity_platform.py:351 Setting up meraki_ha.camera
DEBUG    homeassistant.helpers.translation:translation.py:214 Cache miss for en: {'select'}
DEBUG    homeassistant.core:core.py:1548 Bus:Handling <Event component_loaded[L]: component=number>
INFO     homeassistant.components.number:entity_platform.py:351 Setting up meraki_ha.number
DEBUG    custom_components.meraki_ha.number:__init__.py:28 Found 0 number entities
DEBUG    homeassistant.core:core.py:1548 Bus:Handling <Event component_loaded[L]: component=select>
INFO     homeassistant.components.select:entity_platform.py:351 Setting up meraki_ha.select
DEBUG    custom_components.meraki_ha.meraki_select:__init__.py:37 Adding 2 select entities
INFO     homeassistant.helpers.entity_registry:entity_registry.py:918 Registered new select.meraki_ha entity: select.content_filtering_profile
DEBUG    homeassistant.core:core.py:1548 Bus:Handling <Event entity_registry_updated[L]: action=create, entity_id=select.content_filtering_profile>
DEBUG    homeassistant.core:core.py:1548 Bus:Handling <Event state_changed[L]: entity_id=select.content_filtering_profile, old_state=None, new_state=<state select.content_filtering_profile=unknown; options=['None', 'Security', 'Family', 'Strict'], icon=mdi:web-filter, friendly_name=Content filtering profile @ 2026-03-06T21:24:03.367671-08:00>>
INFO     homeassistant.helpers.entity_registry:entity_registry.py:918 Registered new select.meraki_ha entity: select.site_main_office_vpn_mode
DEBUG    homeassistant.core:core.py:1548 Bus:Handling <Event entity_registry_updated[L]: action=create, entity_id=select.site_main_office_vpn_mode>
DEBUG    homeassistant.core:core.py:1548 Bus:Handling <Event state_changed[L]: entity_id=select.site_main_office_vpn_mode, old_state=None, new_state=<state select.site_main_office_vpn_mode=spoke; options=['none', 'spoke', 'hub'], icon=mdi:vpn, friendly_name=Site: Main Office VPN mode @ 2026-03-06T21:24:03.368533-08:00>>
DEBUG    homeassistant.core:core.py:1548 Bus:Handling <Event component_loaded[L]: component=meraki_ha>
DEBUG    homeassistant.core:core.py:1548 Bus:Handling <Event call_service[L]: domain=select, service=select_option, service_data=entity_id=select.site_main_office_vpn_mode, option=hub>
DEBUG    urllib3.connectionpool:connectionpool.py:1022 Starting new HTTPS connection (1): api.meraki.com:443
WARNING  custom_components.meraki_ha.core.api.client:client.py:155 An unexpected error occurred during API call: A test tried to use socket.socket.. Type: SocketBlockedError
DEBUG    custom_components.meraki_ha.core.api.client:client.py:160 Unexpected API error stack trace
Traceback (most recent call last):
  File "/app/custom_components/meraki_ha/core/api/client.py", line 134, in run_sync
    result = await loop.run_in_executor(
             ^^^^^^^^^^^^^^^^^^^^^^^^^^^
  File "/home/jules/.pyenv/versions/3.12.12/lib/python3.12/concurrent/futures/thread.py", line 59, in run
    result = self.fn(*self.args, **self.kwargs)
             ^^^^^^^^^^^^^^^^^^^^^^^^^^^^^^^^^^
  File "/home/jules/.pyenv/versions/3.12.12/lib/python3.12/site-packages/meraki/api/appliance.py", line 2292, in updateNetworkApplianceVpnSiteToSiteVpn
    return self._session.put(metadata, resource, payload)
           ^^^^^^^^^^^^^^^^^^^^^^^^^^^^^^^^^^^^^^^^^^^^^^
  File "/home/jules/.pyenv/versions/3.12.12/lib/python3.12/site-packages/meraki/rest_session.py", line 490, in put
    response = self.request(metadata, 'PUT', url, json=json)
               ^^^^^^^^^^^^^^^^^^^^^^^^^^^^^^^^^^^^^^^^^^^^^
  File "/home/jules/.pyenv/versions/3.12.12/lib/python3.12/site-packages/meraki/rest_session.py", line 183, in request
    response = self._req_session.request(method, abs_url, allow_redirects=False,
               ^^^^^^^^^^^^^^^^^^^^^^^^^^^^^^^^^^^^^^^^^^^^^^^^^^^^^^^^^^^^^^^^^
  File "/home/jules/.pyenv/versions/3.12.12/lib/python3.12/site-packages/requests/sessions.py", line 589, in request
    resp = self.send(prep, **send_kwargs)
           ^^^^^^^^^^^^^^^^^^^^^^^^^^^^^^
  File "/home/jules/.pyenv/versions/3.12.12/lib/python3.12/site-packages/requests/sessions.py", line 703, in send
    r = adapter.send(request, **kwargs)
        ^^^^^^^^^^^^^^^^^^^^^^^^^^^^^^^
  File "/home/jules/.pyenv/versions/3.12.12/lib/python3.12/site-packages/requests/adapters.py", line 667, in send
    resp = conn.urlopen(
           ^^^^^^^^^^^^^
  File "/home/jules/.pyenv/versions/3.12.12/lib/python3.12/site-packages/urllib3/connectionpool.py", line 716, in urlopen
    httplib_response = self._make_request(
                       ^^^^^^^^^^^^^^^^^^^
  File "/home/jules/.pyenv/versions/3.12.12/lib/python3.12/site-packages/urllib3/connectionpool.py", line 404, in _make_request
    self._validate_conn(conn)
  File "/home/jules/.pyenv/versions/3.12.12/lib/python3.12/site-packages/urllib3/connectionpool.py", line 1061, in _validate_conn
    conn.connect()
  File "/home/jules/.pyenv/versions/3.12.12/lib/python3.12/site-packages/urllib3/connection.py", line 363, in connect
    self.sock = conn = self._new_conn()
                       ^^^^^^^^^^^^^^^^
  File "/home/jules/.pyenv/versions/3.12.12/lib/python3.12/site-packages/urllib3/connection.py", line 174, in _new_conn
    conn = connection.create_connection(
           ^^^^^^^^^^^^^^^^^^^^^^^^^^^^^
  File "/home/jules/.pyenv/versions/3.12.12/lib/python3.12/site-packages/urllib3/util/connection.py", line 76, in create_connection
    sock = socket.socket(af, socktype, proto)
           ^^^^^^^^^^^^^^^^^^^^^^^^^^^^^^^^^^
  File "/home/jules/.pyenv/versions/3.12.12/lib/python3.12/site-packages/pytest_socket.py", line 89, in __new__
    raise SocketBlockedError()
pytest_socket.SocketBlockedError: A test tried to use socket.socket.
WARNING  custom_components.meraki_ha.core.utils.api.handlers:handlers.py:124 Unexpected error: An unexpected error occurred: A test tried to use socket.socket.
ERROR    custom_components.meraki_ha.meraki_select.vpn:vpn.py:101 Failed to set VPN mode to 'hub' for network N_12345: Unexpected error: An unexpected error occurred: A test tried to use socket.socket.
--------------------------- Captured stderr teardown ---------------------------
DEBUG:homeassistant.core:Bus:Handling <Event state_changed[L]: entity_id=sensor.site_main_office_clients, old_state=<state sensor.site_main_office_clients=0; state_class=measurement, friendly_name=Site: Main Office Clients @ 2026-03-06T21:24:03.333088-08:00>, new_state=<state sensor.site_main_office_clients=unavailable; restored=True, state_class=measurement, friendly_name=Clients, supported_features=0 @ 2026-03-06T21:24:03.870969-08:00>>
DEBUG:homeassistant.core:Bus:Handling <Event state_changed[L]: entity_id=sensor.device_vpn_appliance_status, old_state=<state sensor.device_vpn_appliance_status=unknown; options=['online', 'offline', 'alerting', 'dormant', 'unknown'], model=MX64, serial_number=Q234-ABCD-VPN, tags=[], device_class=enum, icon=mdi:help-network-outline, friendly_name=[Device] VPN Appliance Status @ 2026-03-06T21:24:03.335449-08:00>, new_state=<state sensor.device_vpn_appliance_status=unavailable; restored=True, options=['online', 'offline', 'alerting', 'dormant', 'unknown'], device_class=enum, icon=mdi:help-network-outline, friendly_name=Status, supported_features=0 @ 2026-03-06T21:24:03.872514-08:00>>
DEBUG:homeassistant.core:Bus:Handling <Event state_changed[L]: entity_id=sensor.device_vpn_appliance_lan_ip, old_state=<state sensor.device_vpn_appliance_lan_ip=Multiple (VLANs); icon=mdi:ip-network, friendly_name=[Device] VPN Appliance LAN IP @ 2026-03-06T21:24:03.336183-08:00>, new_state=<state sensor.device_vpn_appliance_lan_ip=unavailable; restored=True, icon=mdi:ip-network, friendly_name=LAN IP, supported_features=0 @ 2026-03-06T21:24:03.873960-08:00>>
DEBUG:homeassistant.core:Bus:Handling <Event state_changed[L]: entity_id=sensor.device_vpn_appliance_public_ip, old_state=<state sensor.device_vpn_appliance_public_ip=unknown; icon=mdi:ip-network, friendly_name=[Device] VPN Appliance Public IP @ 2026-03-06T21:24:03.336888-08:00>, new_state=<state sensor.device_vpn_appliance_public_ip=unavailable; restored=True, icon=mdi:ip-network, friendly_name=Public IP, supported_features=0 @ 2026-03-06T21:24:03.874527-08:00>>
DEBUG:homeassistant.core:Bus:Handling <Event state_changed[L]: entity_id=binary_sensor.site_main_office_uplink_status, old_state=<state binary_sensor.site_main_office_uplink_status=on; device_class=connectivity, friendly_name=Site: Main Office Uplink status @ 2026-03-06T21:24:03.343432-08:00>, new_state=<state binary_sensor.site_main_office_uplink_status=unavailable; restored=True, device_class=connectivity, friendly_name=Uplink status, supported_features=0 @ 2026-03-06T21:24:03.875460-08:00>>
DEBUG:homeassistant.core:Bus:Handling <Event state_changed[L]: entity_id=button.device_vpn_appliance_reboot, old_state=<state button.device_vpn_appliance_reboot=unknown; friendly_name=[Device] VPN Appliance Reboot @ 2026-03-06T21:24:03.348620-08:00>, new_state=<state button.device_vpn_appliance_reboot=unavailable; restored=True, friendly_name=Reboot, supported_features=0 @ 2026-03-06T21:24:03.877035-08:00>>
DEBUG:homeassistant.core:Bus:Handling <Event state_changed[L]: entity_id=select.content_filtering_profile, old_state=<state select.content_filtering_profile=unknown; options=['None', 'Security', 'Family', 'Strict'], icon=mdi:web-filter, friendly_name=Content filtering profile @ 2026-03-06T21:24:03.367671-08:00>, new_state=<state select.content_filtering_profile=unavailable; restored=True, options=['None', 'Security', 'Family', 'Strict'], icon=mdi:web-filter, friendly_name=Content filtering profile, supported_features=0 @ 2026-03-06T21:24:03.879023-08:00>>
DEBUG:homeassistant.core:Bus:Handling <Event state_changed[L]: entity_id=select.site_main_office_vpn_mode, old_state=<state select.site_main_office_vpn_mode=spoke; options=['none', 'spoke', 'hub'], icon=mdi:vpn, friendly_name=Site: Main Office VPN mode @ 2026-03-06T21:24:03.368533-08:00>, new_state=<state select.site_main_office_vpn_mode=unavailable; restored=True, options=['none', 'spoke', 'hub'], icon=mdi:vpn, friendly_name=VPN mode, supported_features=0 @ 2026-03-06T21:24:03.879768-08:00>>
DEBUG:urllib3.connectionpool:Starting new HTTPS connection (2): api.meraki.com:443
DEBUG:urllib3.connectionpool:https://api.meraki.com:443 "GET /api/v1/organizations/fake_org/networks HTTP/1.1" 401 66
WARNING:custom_components.meraki_ha.core.api.client:Meraki API Error encountered: organizations, getOrganizationNetworks - 401 Unauthorized, {'errors': ['No valid authentication method found']}
DEBUG:custom_components.meraki_ha.core.api.client:Meraki API Error stack trace
Traceback (most recent call last):
  File "/app/custom_components/meraki_ha/core/api/client.py", line 134, in run_sync
    result = await loop.run_in_executor(
             ^^^^^^^^^^^^^^^^^^^^^^^^^^^
  File "/home/jules/.pyenv/versions/3.12.12/lib/python3.12/concurrent/futures/thread.py", line 59, in run
    result = self.fn(*self.args, **self.kwargs)
             ^^^^^^^^^^^^^^^^^^^^^^^^^^^^^^^^^^
  File "/home/jules/.pyenv/versions/3.12.12/lib/python3.12/site-packages/meraki/api/organizations.py", line 3270, in getOrganizationNetworks
    return self._session.get_pages(metadata, resource, params, total_pages, direction)
           ^^^^^^^^^^^^^^^^^^^^^^^^^^^^^^^^^^^^^^^^^^^^^^^^^^^^^^^^^^^^^^^^^^^^^^^^^^^
  File "/home/jules/.pyenv/versions/3.12.12/lib/python3.12/site-packages/meraki/rest_session.py", line 402, in _get_pages_legacy
    response = self.request(metadata, 'GET', url, params=params)
               ^^^^^^^^^^^^^^^^^^^^^^^^^^^^^^^^^^^^^^^^^^^^^^^^^
  File "/home/jules/.pyenv/versions/3.12.12/lib/python3.12/site-packages/meraki/rest_session.py", line 301, in request
    raise APIError(metadata, response)
meraki.exceptions.APIError: organizations, getOrganizationNetworks - 401 Unauthorized, {'errors': ['No valid authentication method found']}
WARNING:custom_components.meraki_ha.core.utils.api.handlers:Unexpected error: Error communicating with Meraki API: organizations, getOrganizationNetworks - 401 Unauthorized, {'errors': ['No valid authentication method found']}
ERROR:homeassistant.config_entries:Error unloading entry Mock Title for meraki_ha
Traceback (most recent call last):
  File "/app/custom_components/meraki_ha/core/api/client.py", line 134, in run_sync
    result = await loop.run_in_executor(
             ^^^^^^^^^^^^^^^^^^^^^^^^^^^
  File "/home/jules/.pyenv/versions/3.12.12/lib/python3.12/concurrent/futures/thread.py", line 59, in run
    result = self.fn(*self.args, **self.kwargs)
             ^^^^^^^^^^^^^^^^^^^^^^^^^^^^^^^^^^
  File "/home/jules/.pyenv/versions/3.12.12/lib/python3.12/site-packages/meraki/api/organizations.py", line 3270, in getOrganizationNetworks
    return self._session.get_pages(metadata, resource, params, total_pages, direction)
           ^^^^^^^^^^^^^^^^^^^^^^^^^^^^^^^^^^^^^^^^^^^^^^^^^^^^^^^^^^^^^^^^^^^^^^^^^^^
  File "/home/jules/.pyenv/versions/3.12.12/lib/python3.12/site-packages/meraki/rest_session.py", line 402, in _get_pages_legacy
    response = self.request(metadata, 'GET', url, params=params)
               ^^^^^^^^^^^^^^^^^^^^^^^^^^^^^^^^^^^^^^^^^^^^^^^^^
  File "/home/jules/.pyenv/versions/3.12.12/lib/python3.12/site-packages/meraki/rest_session.py", line 301, in request
    raise APIError(metadata, response)
meraki.exceptions.APIError: organizations, getOrganizationNetworks - 401 Unauthorized, {'errors': ['No valid authentication method found']}

The above exception was the direct cause of the following exception:

Traceback (most recent call last):
  File "/app/custom_components/meraki_ha/core/utils/api/decorator.py", line 58, in _execute_api_call
    return await func(*args, **kwargs)
           ^^^^^^^^^^^^^^^^^^^^^^^^^^^
  File "/app/custom_components/meraki_ha/core/api/cache.py", line 60, in wrapper
    result = await func(self, *args, **kwargs)
             ^^^^^^^^^^^^^^^^^^^^^^^^^^^^^^^^^
  File "/app/custom_components/meraki_ha/core/api/endpoints/organization.py", line 68, in get_organization_networks
    networks = await self._api_client.run_sync(
               ^^^^^^^^^^^^^^^^^^^^^^^^^^^^^^^^
  File "/app/custom_components/meraki_ha/core/api/client.py", line 151, in run_sync
    raise ApiClientCommunicationError(
custom_components.meraki_ha.core.errors.ApiClientCommunicationError: Error communicating with Meraki API: organizations, getOrganizationNetworks - 401 Unauthorized, {'errors': ['No valid authentication method found']}

The above exception was the direct cause of the following exception:

Traceback (most recent call last):
  File "/home/jules/.pyenv/versions/3.12.12/lib/python3.12/site-packages/homeassistant/config_entries.py", line 855, in async_unload
    result = await component.async_unload_entry(hass, self)
             ^^^^^^^^^^^^^^^^^^^^^^^^^^^^^^^^^^^^^^^^^^^^^^
  File "/app/custom_components/meraki_ha/__init__.py", line 261, in async_unload_entry
    await async_unregister_webhook(
  File "/app/custom_components/meraki_ha/webhook.py", line 182, in async_unregister_webhook
    await api_client.unregister_webhook(webhook_id)
  File "/app/custom_components/meraki_ha/core/api/client.py", line 253, in unregister_webhook
    await self.network.unregister_webhook(config_entry_id)
  File "/app/custom_components/meraki_ha/core/api/endpoints/network.py", line 139, in unregister_webhook
    networks = await self._api_client.organization.get_organization_networks()
               ^^^^^^^^^^^^^^^^^^^^^^^^^^^^^^^^^^^^^^^^^^^^^^^^^^^^^^^^^^^^^^^
  File "/app/custom_components/meraki_ha/core/utils/api/decorator.py", line 39, in wrapper
    return await _execute_api_call(
           ^^^^^^^^^^^^^^^^^^^^^^^^
  File "/app/custom_components/meraki_ha/core/utils/api/decorator.py", line 70, in _execute_api_call
    handle_unexpected_error(err)
  File "/app/custom_components/meraki_ha/core/utils/api/handlers.py", line 125, in handle_unexpected_error
    raise MerakiConnectionError(f"Unexpected error: {err}") from err
custom_components.meraki_ha.core.errors.MerakiConnectionError: Unexpected error: Error communicating with Meraki API: organizations, getOrganizationNetworks - 401 Unauthorized, {'errors': ['No valid authentication method found']}
DEBUG:homeassistant.core:Bus:Handling <Event homeassistant_stop[L]>
DEBUG:homeassistant.core:Bus:Handling <Event homeassistant_final_write[L]>
DEBUG:pytest_homeassistant_custom_component.common:Writing data to auth: {'version': 1, 'minor_version': 1, 'key': 'auth', 'data_func': <bound method AuthStore._data_to_save of <homeassistant.auth.auth_store.AuthStore object at 0x7ff1c2cc9cd0>>}
DEBUG:pytest_homeassistant_custom_component.common:Writing data to core.device_registry: {'version': 1, 'minor_version': 8, 'key': 'core.device_registry', 'data_func': <bound method DeviceRegistry._data_to_save of <homeassistant.helpers.device_registry.DeviceRegistry object at 0x7ff1c2c55580>>}
DEBUG:pytest_homeassistant_custom_component.common:Writing data to core.config_entries: {'version': 1, 'minor_version': 4, 'key': 'core.config_entries', 'data_func': <bound method ConfigEntries._data_to_save of <homeassistant.config_entries.ConfigEntries object at 0x7ff1c324edb0>>}
DEBUG:pytest_homeassistant_custom_component.common:Writing data to core.entity_registry: {'version': 1, 'minor_version': 15, 'key': 'core.entity_registry', 'data_func': <bound method EntityRegistry._data_to_save of <homeassistant.helpers.entity_registry.EntityRegistry object at 0x7ff1c28fb6e0>>}
DEBUG:homeassistant.core:Bus:Handling <Event homeassistant_close[L]>
DEBUG:asyncio:Close <_UnixSelectorEventLoop running=False closed=False debug=True>
DEBUG:asyncio:Using selector: EpollSelector
---------------------------- Captured log teardown -----------------------------
DEBUG    homeassistant.core:core.py:1548 Bus:Handling <Event state_changed[L]: entity_id=sensor.site_main_office_clients, old_state=<state sensor.site_main_office_clients=0; state_class=measurement, friendly_name=Site: Main Office Clients @ 2026-03-06T21:24:03.333088-08:00>, new_state=<state sensor.site_main_office_clients=unavailable; restored=True, state_class=measurement, friendly_name=Clients, supported_features=0 @ 2026-03-06T21:24:03.870969-08:00>>
DEBUG    homeassistant.core:core.py:1548 Bus:Handling <Event state_changed[L]: entity_id=sensor.device_vpn_appliance_status, old_state=<state sensor.device_vpn_appliance_status=unknown; options=['online', 'offline', 'alerting', 'dormant', 'unknown'], model=MX64, serial_number=Q234-ABCD-VPN, tags=[], device_class=enum, icon=mdi:help-network-outline, friendly_name=[Device] VPN Appliance Status @ 2026-03-06T21:24:03.335449-08:00>, new_state=<state sensor.device_vpn_appliance_status=unavailable; restored=True, options=['online', 'offline', 'alerting', 'dormant', 'unknown'], device_class=enum, icon=mdi:help-network-outline, friendly_name=Status, supported_features=0 @ 2026-03-06T21:24:03.872514-08:00>>
DEBUG    homeassistant.core:core.py:1548 Bus:Handling <Event state_changed[L]: entity_id=sensor.device_vpn_appliance_lan_ip, old_state=<state sensor.device_vpn_appliance_lan_ip=Multiple (VLANs); icon=mdi:ip-network, friendly_name=[Device] VPN Appliance LAN IP @ 2026-03-06T21:24:03.336183-08:00>, new_state=<state sensor.device_vpn_appliance_lan_ip=unavailable; restored=True, icon=mdi:ip-network, friendly_name=LAN IP, supported_features=0 @ 2026-03-06T21:24:03.873960-08:00>>
DEBUG    homeassistant.core:core.py:1548 Bus:Handling <Event state_changed[L]: entity_id=sensor.device_vpn_appliance_public_ip, old_state=<state sensor.device_vpn_appliance_public_ip=unknown; icon=mdi:ip-network, friendly_name=[Device] VPN Appliance Public IP @ 2026-03-06T21:24:03.336888-08:00>, new_state=<state sensor.device_vpn_appliance_public_ip=unavailable; restored=True, icon=mdi:ip-network, friendly_name=Public IP, supported_features=0 @ 2026-03-06T21:24:03.874527-08:00>>
DEBUG    homeassistant.core:core.py:1548 Bus:Handling <Event state_changed[L]: entity_id=binary_sensor.site_main_office_uplink_status, old_state=<state binary_sensor.site_main_office_uplink_status=on; device_class=connectivity, friendly_name=Site: Main Office Uplink status @ 2026-03-06T21:24:03.343432-08:00>, new_state=<state binary_sensor.site_main_office_uplink_status=unavailable; restored=True, device_class=connectivity, friendly_name=Uplink status, supported_features=0 @ 2026-03-06T21:24:03.875460-08:00>>
DEBUG    homeassistant.core:core.py:1548 Bus:Handling <Event state_changed[L]: entity_id=button.device_vpn_appliance_reboot, old_state=<state button.device_vpn_appliance_reboot=unknown; friendly_name=[Device] VPN Appliance Reboot @ 2026-03-06T21:24:03.348620-08:00>, new_state=<state button.device_vpn_appliance_reboot=unavailable; restored=True, friendly_name=Reboot, supported_features=0 @ 2026-03-06T21:24:03.877035-08:00>>
DEBUG    homeassistant.core:core.py:1548 Bus:Handling <Event state_changed[L]: entity_id=select.content_filtering_profile, old_state=<state select.content_filtering_profile=unknown; options=['None', 'Security', 'Family', 'Strict'], icon=mdi:web-filter, friendly_name=Content filtering profile @ 2026-03-06T21:24:03.367671-08:00>, new_state=<state select.content_filtering_profile=unavailable; restored=True, options=['None', 'Security', 'Family', 'Strict'], icon=mdi:web-filter, friendly_name=Content filtering profile, supported_features=0 @ 2026-03-06T21:24:03.879023-08:00>>
DEBUG    homeassistant.core:core.py:1548 Bus:Handling <Event state_changed[L]: entity_id=select.site_main_office_vpn_mode, old_state=<state select.site_main_office_vpn_mode=spoke; options=['none', 'spoke', 'hub'], icon=mdi:vpn, friendly_name=Site: Main Office VPN mode @ 2026-03-06T21:24:03.368533-08:00>, new_state=<state select.site_main_office_vpn_mode=unavailable; restored=True, options=['none', 'spoke', 'hub'], icon=mdi:vpn, friendly_name=VPN mode, supported_features=0 @ 2026-03-06T21:24:03.879768-08:00>>
DEBUG    urllib3.connectionpool:connectionpool.py:1022 Starting new HTTPS connection (2): api.meraki.com:443
DEBUG    urllib3.connectionpool:connectionpool.py:475 https://api.meraki.com:443 "GET /api/v1/organizations/fake_org/networks HTTP/1.1" 401 66
WARNING  custom_components.meraki_ha.core.api.client:client.py:149 Meraki API Error encountered: organizations, getOrganizationNetworks - 401 Unauthorized, {'errors': ['No valid authentication method found']}
DEBUG    custom_components.meraki_ha.core.api.client:client.py:150 Meraki API Error stack trace
Traceback (most recent call last):
  File "/app/custom_components/meraki_ha/core/api/client.py", line 134, in run_sync
    result = await loop.run_in_executor(
             ^^^^^^^^^^^^^^^^^^^^^^^^^^^
  File "/home/jules/.pyenv/versions/3.12.12/lib/python3.12/concurrent/futures/thread.py", line 59, in run
    result = self.fn(*self.args, **self.kwargs)
             ^^^^^^^^^^^^^^^^^^^^^^^^^^^^^^^^^^
  File "/home/jules/.pyenv/versions/3.12.12/lib/python3.12/site-packages/meraki/api/organizations.py", line 3270, in getOrganizationNetworks
    return self._session.get_pages(metadata, resource, params, total_pages, direction)
           ^^^^^^^^^^^^^^^^^^^^^^^^^^^^^^^^^^^^^^^^^^^^^^^^^^^^^^^^^^^^^^^^^^^^^^^^^^^
  File "/home/jules/.pyenv/versions/3.12.12/lib/python3.12/site-packages/meraki/rest_session.py", line 402, in _get_pages_legacy
    response = self.request(metadata, 'GET', url, params=params)
               ^^^^^^^^^^^^^^^^^^^^^^^^^^^^^^^^^^^^^^^^^^^^^^^^^
  File "/home/jules/.pyenv/versions/3.12.12/lib/python3.12/site-packages/meraki/rest_session.py", line 301, in request
    raise APIError(metadata, response)
meraki.exceptions.APIError: organizations, getOrganizationNetworks - 401 Unauthorized, {'errors': ['No valid authentication method found']}
WARNING  custom_components.meraki_ha.core.utils.api.handlers:handlers.py:124 Unexpected error: Error communicating with Meraki API: organizations, getOrganizationNetworks - 401 Unauthorized, {'errors': ['No valid authentication method found']}
ERROR    homeassistant.config_entries:config_entries.py:868 Error unloading entry Mock Title for meraki_ha
Traceback (most recent call last):
  File "/app/custom_components/meraki_ha/core/api/client.py", line 134, in run_sync
    result = await loop.run_in_executor(
             ^^^^^^^^^^^^^^^^^^^^^^^^^^^
  File "/home/jules/.pyenv/versions/3.12.12/lib/python3.12/concurrent/futures/thread.py", line 59, in run
    result = self.fn(*self.args, **self.kwargs)
             ^^^^^^^^^^^^^^^^^^^^^^^^^^^^^^^^^^
  File "/home/jules/.pyenv/versions/3.12.12/lib/python3.12/site-packages/meraki/api/organizations.py", line 3270, in getOrganizationNetworks
    return self._session.get_pages(metadata, resource, params, total_pages, direction)
           ^^^^^^^^^^^^^^^^^^^^^^^^^^^^^^^^^^^^^^^^^^^^^^^^^^^^^^^^^^^^^^^^^^^^^^^^^^^
  File "/home/jules/.pyenv/versions/3.12.12/lib/python3.12/site-packages/meraki/rest_session.py", line 402, in _get_pages_legacy
    response = self.request(metadata, 'GET', url, params=params)
               ^^^^^^^^^^^^^^^^^^^^^^^^^^^^^^^^^^^^^^^^^^^^^^^^^
  File "/home/jules/.pyenv/versions/3.12.12/lib/python3.12/site-packages/meraki/rest_session.py", line 301, in request
    raise APIError(metadata, response)
meraki.exceptions.APIError: organizations, getOrganizationNetworks - 401 Unauthorized, {'errors': ['No valid authentication method found']}

The above exception was the direct cause of the following exception:

Traceback (most recent call last):
  File "/app/custom_components/meraki_ha/core/utils/api/decorator.py", line 58, in _execute_api_call
    return await func(*args, **kwargs)
           ^^^^^^^^^^^^^^^^^^^^^^^^^^^
  File "/app/custom_components/meraki_ha/core/api/cache.py", line 60, in wrapper
    result = await func(self, *args, **kwargs)
             ^^^^^^^^^^^^^^^^^^^^^^^^^^^^^^^^^
  File "/app/custom_components/meraki_ha/core/api/endpoints/organization.py", line 68, in get_organization_networks
    networks = await self._api_client.run_sync(
               ^^^^^^^^^^^^^^^^^^^^^^^^^^^^^^^^
  File "/app/custom_components/meraki_ha/core/api/client.py", line 151, in run_sync
    raise ApiClientCommunicationError(
custom_components.meraki_ha.core.errors.ApiClientCommunicationError: Error communicating with Meraki API: organizations, getOrganizationNetworks - 401 Unauthorized, {'errors': ['No valid authentication method found']}

The above exception was the direct cause of the following exception:

Traceback (most recent call last):
  File "/home/jules/.pyenv/versions/3.12.12/lib/python3.12/site-packages/homeassistant/config_entries.py", line 855, in async_unload
    result = await component.async_unload_entry(hass, self)
             ^^^^^^^^^^^^^^^^^^^^^^^^^^^^^^^^^^^^^^^^^^^^^^
  File "/app/custom_components/meraki_ha/__init__.py", line 261, in async_unload_entry
    await async_unregister_webhook(
  File "/app/custom_components/meraki_ha/webhook.py", line 182, in async_unregister_webhook
    await api_client.unregister_webhook(webhook_id)
  File "/app/custom_components/meraki_ha/core/api/client.py", line 253, in unregister_webhook
    await self.network.unregister_webhook(config_entry_id)
  File "/app/custom_components/meraki_ha/core/api/endpoints/network.py", line 139, in unregister_webhook
    networks = await self._api_client.organization.get_organization_networks()
               ^^^^^^^^^^^^^^^^^^^^^^^^^^^^^^^^^^^^^^^^^^^^^^^^^^^^^^^^^^^^^^^
  File "/app/custom_components/meraki_ha/core/utils/api/decorator.py", line 39, in wrapper
    return await _execute_api_call(
           ^^^^^^^^^^^^^^^^^^^^^^^^
  File "/app/custom_components/meraki_ha/core/utils/api/decorator.py", line 70, in _execute_api_call
    handle_unexpected_error(err)
  File "/app/custom_components/meraki_ha/core/utils/api/handlers.py", line 125, in handle_unexpected_error
    raise MerakiConnectionError(f"Unexpected error: {err}") from err
custom_components.meraki_ha.core.errors.MerakiConnectionError: Unexpected error: Error communicating with Meraki API: organizations, getOrganizationNetworks - 401 Unauthorized, {'errors': ['No valid authentication method found']}
DEBUG    homeassistant.core:core.py:1548 Bus:Handling <Event homeassistant_stop[L]>
DEBUG    homeassistant.core:core.py:1548 Bus:Handling <Event homeassistant_final_write[L]>
DEBUG    pytest_homeassistant_custom_component.common:common.py:1423 Writing data to auth: {'version': 1, 'minor_version': 1, 'key': 'auth', 'data_func': <bound method AuthStore._data_to_save of <homeassistant.auth.auth_store.AuthStore object at 0x7ff1c2cc9cd0>>}
DEBUG    pytest_homeassistant_custom_component.common:common.py:1423 Writing data to core.device_registry: {'version': 1, 'minor_version': 8, 'key': 'core.device_registry', 'data_func': <bound method DeviceRegistry._data_to_save of <homeassistant.helpers.device_registry.DeviceRegistry object at 0x7ff1c2c55580>>}
DEBUG    pytest_homeassistant_custom_component.common:common.py:1423 Writing data to core.config_entries: {'version': 1, 'minor_version': 4, 'key': 'core.config_entries', 'data_func': <bound method ConfigEntries._data_to_save of <homeassistant.config_entries.ConfigEntries object at 0x7ff1c324edb0>>}
DEBUG    pytest_homeassistant_custom_component.common:common.py:1423 Writing data to core.entity_registry: {'version': 1, 'minor_version': 15, 'key': 'core.entity_registry', 'data_func': <bound method EntityRegistry._data_to_save of <homeassistant.helpers.entity_registry.EntityRegistry object at 0x7ff1c28fb6e0>>}
DEBUG    homeassistant.core:core.py:1548 Bus:Handling <Event homeassistant_close[L]>
DEBUG    asyncio:base_events.py:714 Close <_UnixSelectorEventLoop running=False closed=False debug=True>
DEBUG    asyncio:selector_events.py:64 Using selector: EpollSelector
=================================== FAILURES ===================================
____________________________ test_vpn_select_entity ____________________________

self = <custom_components.meraki_ha.core.api.client.MerakiAPIClient object at 0x7ff1c1fcbaa0>
func = <bound method Appliance.updateNetworkApplianceVpnSiteToSiteVpn of <meraki.api.appliance.Appliance object at 0x7ff1c1fc9df0>>
args = (), kwargs = {'mode': 'hub', 'networkId': 'N_12345'}
loop = <_UnixSelectorEventLoop running=False closed=False debug=True>

    async def run_sync(
        self,
        func: Callable[..., Any],
        *args: Any,
        **kwargs: Any,
    ) -> Any:
        """
        Run a synchronous function in a thread pool with rate limiting.

        Args:
            func: The synchronous function to run.
            *args: Positional arguments to pass to the function.
            **kwargs: Keyword arguments to pass to the function.

        Returns
        -------
            The result of the function.

        """
        async with self._semaphore:
            try:
                loop = asyncio.get_event_loop()
>               result = await loop.run_in_executor(
                    None, partial(func, *args, **kwargs)
                )

custom_components/meraki_ha/core/api/client.py:134:
_ _ _ _ _ _ _ _ _ _ _ _ _ _ _ _ _ _ _ _ _ _ _ _ _ _ _ _ _ _ _ _ _ _ _ _ _ _ _ _
/home/jules/.pyenv/versions/3.12.12/lib/python3.12/concurrent/futures/thread.py:59: in run
    result = self.fn(*self.args, **self.kwargs)
/home/jules/.pyenv/versions/3.12.12/lib/python3.12/site-packages/meraki/api/appliance.py:2292: in updateNetworkApplianceVpnSiteToSiteVpn
    return self._session.put(metadata, resource, payload)
/home/jules/.pyenv/versions/3.12.12/lib/python3.12/site-packages/meraki/rest_session.py:490: in put
    response = self.request(metadata, 'PUT', url, json=json)
/home/jules/.pyenv/versions/3.12.12/lib/python3.12/site-packages/meraki/rest_session.py:183: in request
    response = self._req_session.request(method, abs_url, allow_redirects=False,
/home/jules/.pyenv/versions/3.12.12/lib/python3.12/site-packages/requests/sessions.py:589: in request
    resp = self.send(prep, **send_kwargs)
/home/jules/.pyenv/versions/3.12.12/lib/python3.12/site-packages/requests/sessions.py:703: in send
    r = adapter.send(request, **kwargs)
/home/jules/.pyenv/versions/3.12.12/lib/python3.12/site-packages/requests/adapters.py:667: in send
    resp = conn.urlopen(
/home/jules/.pyenv/versions/3.12.12/lib/python3.12/site-packages/urllib3/connectionpool.py:716: in urlopen
    httplib_response = self._make_request(
/home/jules/.pyenv/versions/3.12.12/lib/python3.12/site-packages/urllib3/connectionpool.py:404: in _make_request
    self._validate_conn(conn)
/home/jules/.pyenv/versions/3.12.12/lib/python3.12/site-packages/urllib3/connectionpool.py:1061: in _validate_conn
    conn.connect()
/home/jules/.pyenv/versions/3.12.12/lib/python3.12/site-packages/urllib3/connection.py:363: in connect
    self.sock = conn = self._new_conn()
/home/jules/.pyenv/versions/3.12.12/lib/python3.12/site-packages/urllib3/connection.py:174: in _new_conn
    conn = connection.create_connection(
/home/jules/.pyenv/versions/3.12.12/lib/python3.12/site-packages/urllib3/util/connection.py:76: in create_connection
    sock = socket.socket(af, socktype, proto)
_ _ _ _ _ _ _ _ _ _ _ _ _ _ _ _ _ _ _ _ _ _ _ _ _ _ _ _ _ _ _ _ _ _ _ _ _ _ _ _

cls = <class 'pytest_socket.disable_socket.<locals>.GuardedSocket'>
family = <AddressFamily.AF_INET: 2>, type = <SocketKind.SOCK_STREAM: 1>
proto = 6, fileno = None

    def __new__(cls, family=-1, type=-1, proto=-1, fileno=None):
        if _is_unix_socket(family) and allow_unix_socket:
            return super().__new__(cls, family, type, proto, fileno)

>       raise SocketBlockedError()
E       pytest_socket.SocketBlockedError: A test tried to use socket.socket.

/home/jules/.pyenv/versions/3.12.12/lib/python3.12/site-packages/pytest_socket.py:89: SocketBlockedError

The above exception was the direct cause of the following exception:

func = <function ApplianceVpnMixin.update_vpn_status at 0x7ff1c30ff060>
args = (<custom_components.meraki_ha.core.api.endpoints.appliance.ApplianceEndpoints object at 0x7ff1c2ea5dc0>,)
kwargs = {'mode': 'hub', 'network_id': 'N_12345'}, retry_context = (0, 3, 2)

    async def _execute_api_call(
        func: Callable[..., Awaitable[T]],
        args: tuple[Any, ...],
        kwargs: dict[str, Any],
        retry_context: tuple[int, int, int],
    ) -> T:
        """Execute a single API call and handle exceptions."""
        try:
>           return await func(*args, **kwargs)

custom_components/meraki_ha/core/utils/api/decorator.py:58:
_ _ _ _ _ _ _ _ _ _ _ _ _ _ _ _ _ _ _ _ _ _ _ _ _ _ _ _ _ _ _ _ _ _ _ _ _ _ _ _
custom_components/meraki_ha/core/api/endpoints/appliance/vpn.py:64: in update_vpn_status
    status = await self._api_client.run_sync(
_ _ _ _ _ _ _ _ _ _ _ _ _ _ _ _ _ _ _ _ _ _ _ _ _ _ _ _ _ _ _ _ _ _ _ _ _ _ _ _

self = <custom_components.meraki_ha.core.api.client.MerakiAPIClient object at 0x7ff1c1fcbaa0>
func = <bound method Appliance.updateNetworkApplianceVpnSiteToSiteVpn of <meraki.api.appliance.Appliance object at 0x7ff1c1fc9df0>>
args = (), kwargs = {'mode': 'hub', 'networkId': 'N_12345'}
loop = <_UnixSelectorEventLoop running=False closed=False debug=True>

    async def run_sync(
        self,
        func: Callable[..., Any],
        *args: Any,
        **kwargs: Any,
    ) -> Any:
        """
        Run a synchronous function in a thread pool with rate limiting.

        Args:
            func: The synchronous function to run.
            *args: Positional arguments to pass to the function.
            **kwargs: Keyword arguments to pass to the function.

        Returns
        -------
            The result of the function.

        """
        async with self._semaphore:
            try:
                loop = asyncio.get_event_loop()
                result = await loop.run_in_executor(
                    None, partial(func, *args, **kwargs)
                )
            except meraki.APIError as e:
                error_msg = str(e)
                if (
                    "Traffic Analysis with Hostname Visibility" in error_msg
                    or "VLANs are not enabled" in error_msg
                ):
                    _LOGGER.debug("Meraki API Informational Error: %s", e)
                    if "Traffic Analysis" in error_msg:
                        raise MerakiTrafficAnalysisError(error_msg) from e
                    if "VLANs" in error_msg:
                        raise MerakiVlansDisabledError(error_msg) from e
                    raise MerakiInformationalError(error_msg) from e
                _LOGGER.warning("Meraki API Error encountered: %s", e)
                _LOGGER.debug("Meraki API Error stack trace", exc_info=True)
                raise ApiClientCommunicationError(
                    f"Error communicating with Meraki API: {e}"
                ) from e
            except Exception as e:
                _LOGGER.warning(
                    "An unexpected error occurred during API call: %s. Type: %s",
                    e,
                    type(e).__name__,
                )
                _LOGGER.debug("Unexpected API error stack trace", exc_info=True)
                if "JSON" in str(e):
                    raise ApiClientCommunicationError(
                        f"Invalid JSON response from Meraki API. "
                        f"Please check Meraki logs or network connectivity. "
                        f"Details: {e}"
                    ) from e
                else:
>                   raise ApiClientCommunicationError(
                        f"An unexpected error occurred: {e}"
                    ) from e
E                   custom_components.meraki_ha.core.errors.ApiClientCommunicationError: An unexpected error occurred: A test tried to use socket.socket.

custom_components/meraki_ha/core/api/client.py:168: ApiClientCommunicationError

The above exception was the direct cause of the following exception:

self = <entity select.site_main_office_vpn_mode=spoke>, option = 'hub'

    async def async_select_option(self, option: str) -> None:
        """Change the selected option."""
        try:
>           await self._meraki_client.appliance.update_vpn_status(
                network_id=self._network_id,
                mode=option,
            )

custom_components/meraki_ha/meraki_select/vpn.py:93:
_ _ _ _ _ _ _ _ _ _ _ _ _ _ _ _ _ _ _ _ _ _ _ _ _ _ _ _ _ _ _ _ _ _ _ _ _ _ _ _
custom_components/meraki_ha/core/utils/api/decorator.py:39: in wrapper
    return await _execute_api_call(
custom_components/meraki_ha/core/utils/api/decorator.py:70: in _execute_api_call
    handle_unexpected_error(err)
_ _ _ _ _ _ _ _ _ _ _ _ _ _ _ _ _ _ _ _ _ _ _ _ _ _ _ _ _ _ _ _ _ _ _ _ _ _ _ _

err = ApiClientCommunicationError('An unexpected error occurred: A test tried to use socket.socket.')

    def handle_unexpected_error(err: Exception) -> None:
        """Handle unexpected exceptions."""
        if isinstance(err, UpdateFailed):
            raise err
        _LOGGER.warning("Unexpected error: %s", err)
>       raise MerakiConnectionError(f"Unexpected error: {err}") from err
E       custom_components.meraki_ha.core.errors.MerakiConnectionError: Unexpected error: An unexpected error occurred: A test tried to use socket.socket.

custom_components/meraki_ha/core/utils/api/handlers.py:125: MerakiConnectionError

[...]
    httplib_response = self._make_request(
                       ^^^^^^^^^^^^^^^^^^^
  File "/home/jules/.pyenv/versions/3.12.12/lib/python3.12/site-packages/urllib3/connectionpool.py", line 404, in _make_request
    self._validate_conn(conn)
  File "/home/jules/.pyenv/versions/3.12.12/lib/python3.12/site-packages/urllib3/connectionpool.py", line 1061, in _validate_conn
    conn.connect()
  File "/home/jules/.pyenv/versions/3.12.12/lib/python3.12/site-packages/urllib3/connection.py", line 363, in connect
    self.sock = conn = self._new_conn()
                       ^^^^^^^^^^^^^^^^
  File "/home/jules/.pyenv/versions/3.12.12/lib/python3.12/site-packages/urllib3/connection.py", line 174, in _new_conn
    conn = connection.create_connection(
           ^^^^^^^^^^^^^^^^^^^^^^^^^^^^^
  File "/home/jules/.pyenv/versions/3.12.12/lib/python3.12/site-packages/urllib3/util/connection.py", line 76, in create_connection
    sock = socket.socket(af, socktype, proto)
           ^^^^^^^^^^^^^^^^^^^^^^^^^^^^^^^^^^
  File "/home/jules/.pyenv/versions/3.12.12/lib/python3.12/site-packages/pytest_socket.py", line 89, in __new__
    raise SocketBlockedError()
pytest_socket.SocketBlockedError: A test tried to use socket.socket.
WARNING  custom_components.meraki_ha.core.utils.api.handlers:handlers.py:124 Unexpected error: An unexpected error occurred: A test tried to use socket.socket.
ERROR    custom_components.meraki_ha.meraki_select.vpn:vpn.py:101 Failed to set VPN mode to 'hub' for network N_12345: Unexpected error: An unexpected error occurred: A test tried to use socket.socket.
=============================== warnings summary ===============================
tests/meraki_select/test_vpn_select.py::test_vpn_select_entity
  /app/custom_components/meraki_ha/core/coordinator_helpers/update_processor.py:183: RuntimeWarning: coroutine 'AsyncMockMixin._execute_mock_call' was never awaited
  Coroutine created at (most recent call last)
    File "/home/jules/.pyenv/versions/3.12.12/lib/python3.12/site-packages/homeassistant/core.py", line 943, in async_run_hass_job
      return self._async_add_hass_job(hassjob, *args, background=background)
    File "/home/jules/.pyenv/versions/3.12.12/lib/python3.12/site-packages/homeassistant/core.py", line 758, in _async_add_hass_job
      task = create_eager_task(
    File "/home/jules/.pyenv/versions/3.12.12/lib/python3.12/site-packages/homeassistant/util/async_.py", line 45, in create_eager_task
      return Task(coro, loop=loop, name=name, eager_start=True)
    File "/home/jules/.pyenv/versions/3.12.12/lib/python3.12/site-packages/homeassistant/helpers/update_coordinator.py", line 355, in async_refresh
      await self._async_refresh(log_failures=True)
    File "/home/jules/.pyenv/versions/3.12.12/lib/python3.12/site-packages/homeassistant/helpers/update_coordinator.py", line 379, in _async_refresh
      self.data = await self._async_update_data()
    File "/app/custom_components/meraki_ha/coordinators/switch.py", line 37, in _async_update_data
      ) = await self.update_processor.process_success(data, self.data)
    File "/app/custom_components/meraki_ha/core/coordinator_helpers/update_processor.py", line 136, in process_success
      processed_data = await self.async_process(data, current_data)
    File "/app/custom_components/meraki_ha/core/coordinator_helpers/update_processor.py", line 183, in async_process
      data.update(
    File "/home/jules/.pyenv/versions/3.12.12/lib/python3.12/unittest/mock.py", line 1139, in __call__
      return self._mock_call(*args, **kwargs)
    File "/home/jules/.pyenv/versions/3.12.12/lib/python3.12/unittest/mock.py", line 1143, in _mock_call
      return self._execute_mock_call(*args, **kwargs)
    data.update(
  Enable tracemalloc to get traceback where the object was allocated.
  See https://docs.pytest.org/en/stable/how-to/capture-warnings.html#resource-warnings for more info.

tests/meraki_select/test_vpn_select.py::test_vpn_select_entity
  /app/custom_components/meraki_ha/core/coordinator_helpers/update_processor.py:183: RuntimeWarning: coroutine 'AsyncMockMixin._execute_mock_call' was never awaited
  Coroutine created at (most recent call last)
    File "/home/jules/.pyenv/versions/3.12.12/lib/python3.12/site-packages/homeassistant/core.py", line 943, in async_run_hass_job
      return self._async_add_hass_job(hassjob, *args, background=background)
    File "/home/jules/.pyenv/versions/3.12.12/lib/python3.12/site-packages/homeassistant/core.py", line 758, in _async_add_hass_job
      task = create_eager_task(
    File "/home/jules/.pyenv/versions/3.12.12/lib/python3.12/site-packages/homeassistant/util/async_.py", line 45, in create_eager_task
      return Task(coro, loop=loop, name=name, eager_start=True)
    File "/home/jules/.pyenv/versions/3.12.12/lib/python3.12/site-packages/homeassistant/helpers/update_coordinator.py", line 355, in async_refresh
      await self._async_refresh(log_failures=True)
    File "/home/jules/.pyenv/versions/3.12.12/lib/python3.12/site-packages/homeassistant/helpers/update_coordinator.py", line 379, in _async_refresh
      self.data = await self._async_update_data()
    File "/app/custom_components/meraki_ha/coordinators/camera.py", line 37, in _async_update_data
      ) = await self.update_processor.process_success(data, self.data)
    File "/app/custom_components/meraki_ha/core/coordinator_helpers/update_processor.py", line 136, in process_success
      processed_data = await self.async_process(data, current_data)
    File "/app/custom_components/meraki_ha/core/coordinator_helpers/update_processor.py", line 183, in async_process
      data.update(
    File "/home/jules/.pyenv/versions/3.12.12/lib/python3.12/unittest/mock.py", line 1139, in __call__
      return self._mock_call(*args, **kwargs)
    File "/home/jules/.pyenv/versions/3.12.12/lib/python3.12/unittest/mock.py", line 1143, in _mock_call
      return self._execute_mock_call(*args, **kwargs)
    data.update(
  Enable tracemalloc to get traceback where the object was allocated.
  See https://docs.pytest.org/en/stable/how-to/capture-warnings.html#resource-warnings for more info.

tests/meraki_select/test_vpn_select.py::test_vpn_select_entity
  /app/custom_components/meraki_ha/core/coordinator_helpers/update_processor.py:183: RuntimeWarning: coroutine 'AsyncMockMixin._execute_mock_call' was never awaited
  Coroutine created at (most recent call last)
    File "/home/jules/.pyenv/versions/3.12.12/lib/python3.12/site-packages/homeassistant/core.py", line 943, in async_run_hass_job
      return self._async_add_hass_job(hassjob, *args, background=background)
    File "/home/jules/.pyenv/versions/3.12.12/lib/python3.12/site-packages/homeassistant/core.py", line 758, in _async_add_hass_job
      task = create_eager_task(
    File "/home/jules/.pyenv/versions/3.12.12/lib/python3.12/site-packages/homeassistant/util/async_.py", line 45, in create_eager_task
      return Task(coro, loop=loop, name=name, eager_start=True)
    File "/home/jules/.pyenv/versions/3.12.12/lib/python3.12/site-packages/homeassistant/helpers/update_coordinator.py", line 355, in async_refresh
      await self._async_refresh(log_failures=True)
    File "/home/jules/.pyenv/versions/3.12.12/lib/python3.12/site-packages/homeassistant/helpers/update_coordinator.py", line 379, in _async_refresh
      self.data = await self._async_update_data()
    File "/app/custom_components/meraki_ha/coordinators/sensor.py", line 40, in _async_update_data
      ) = await self.update_processor.process_success(data, self.data)
    File "/app/custom_components/meraki_ha/core/coordinator_helpers/update_processor.py", line 136, in process_success
      processed_data = await self.async_process(data, current_data)
    File "/app/custom_components/meraki_ha/core/coordinator_helpers/update_processor.py", line 183, in async_process
      data.update(
    File "/home/jules/.pyenv/versions/3.12.12/lib/python3.12/unittest/mock.py", line 1139, in __call__
      return self._mock_call(*args, **kwargs)
    File "/home/jules/.pyenv/versions/3.12.12/lib/python3.12/unittest/mock.py", line 1143, in _mock_call
      return self._execute_mock_call(*args, **kwargs)
    data.update(
  Enable tracemalloc to get traceback where the object was allocated.
  See https://docs.pytest.org/en/stable/how-to/capture-warnings.html#resource-warnings for more info.

tests/meraki_select/test_vpn_select.py::test_vpn_select_entity
  /app/custom_components/meraki_ha/core/coordinator_helpers/update_processor.py:183: RuntimeWarning: coroutine 'AsyncMockMixin._execute_mock_call' was never awaited
  Coroutine created at (most recent call last)
    File "/home/jules/.pyenv/versions/3.12.12/lib/python3.12/site-packages/homeassistant/core.py", line 943, in async_run_hass_job
      return self._async_add_hass_job(hassjob, *args, background=background)
    File "/home/jules/.pyenv/versions/3.12.12/lib/python3.12/site-packages/homeassistant/core.py", line 758, in _async_add_hass_job
      task = create_eager_task(
    File "/home/jules/.pyenv/versions/3.12.12/lib/python3.12/site-packages/homeassistant/util/async_.py", line 45, in create_eager_task
      return Task(coro, loop=loop, name=name, eager_start=True)
    File "/home/jules/.pyenv/versions/3.12.12/lib/python3.12/site-packages/homeassistant/helpers/update_coordinator.py", line 355, in async_refresh
      await self._async_refresh(log_failures=True)
    File "/home/jules/.pyenv/versions/3.12.12/lib/python3.12/site-packages/homeassistant/helpers/update_coordinator.py", line 379, in _async_refresh
      self.data = await self._async_update_data()
    File "/app/custom_components/meraki_ha/coordinators/wireless.py", line 37, in _async_update_data
      ) = await self.update_processor.process_success(data, self.data)
    File "/app/custom_components/meraki_ha/core/coordinator_helpers/update_processor.py", line 136, in process_success
      processed_data = await self.async_process(data, current_data)
    File "/app/custom_components/meraki_ha/core/coordinator_helpers/update_processor.py", line 183, in async_process
      data.update(
    File "/home/jules/.pyenv/versions/3.12.12/lib/python3.12/unittest/mock.py", line 1139, in __call__
      return self._mock_call(*args, **kwargs)
    File "/home/jules/.pyenv/versions/3.12.12/lib/python3.12/unittest/mock.py", line 1143, in _mock_call
      return self._execute_mock_call(*args, **kwargs)
    data.update(
  Enable tracemalloc to get traceback where the object was allocated.
  See https://docs.pytest.org/en/stable/how-to/capture-warnings.html#resource-warnings for more info.

tests/meraki_select/test_vpn_select.py::test_vpn_select_entity
  /app/custom_components/meraki_ha/core/coordinator_helpers/update_processor.py:183: RuntimeWarning: coroutine 'AsyncMockMixin._execute_mock_call' was never awaited
  Coroutine created at (most recent call last)
    File "/home/jules/.pyenv/versions/3.12.12/lib/python3.12/site-packages/homeassistant/core.py", line 943, in async_run_hass_job
      return self._async_add_hass_job(hassjob, *args, background=background)
    File "/home/jules/.pyenv/versions/3.12.12/lib/python3.12/site-packages/homeassistant/core.py", line 758, in _async_add_hass_job
      task = create_eager_task(
    File "/home/jules/.pyenv/versions/3.12.12/lib/python3.12/site-packages/homeassistant/util/async_.py", line 45, in create_eager_task
      return Task(coro, loop=loop, name=name, eager_start=True)
    File "/home/jules/.pyenv/versions/3.12.12/lib/python3.12/site-packages/homeassistant/helpers/update_coordinator.py", line 355, in async_refresh
      await self._async_refresh(log_failures=True)
    File "/home/jules/.pyenv/versions/3.12.12/lib/python3.12/site-packages/homeassistant/helpers/update_coordinator.py", line 379, in _async_refresh
      self.data = await self._async_update_data()
    File "/app/custom_components/meraki_ha/coordinators/appliance.py", line 37, in _async_update_data
      ) = await self.update_processor.process_success(data, self.data)
    File "/app/custom_components/meraki_ha/core/coordinator_helpers/update_processor.py", line 136, in process_success
      processed_data = await self.async_process(data, current_data)
    File "/app/custom_components/meraki_ha/core/coordinator_helpers/update_processor.py", line 183, in async_process
      data.update(
    File "/home/jules/.pyenv/versions/3.12.12/lib/python3.12/unittest/mock.py", line 1139, in __call__
      return self._mock_call(*args, **kwargs)
    File "/home/jules/.pyenv/versions/3.12.12/lib/python3.12/unittest/mock.py", line 1143, in _mock_call
      return self._execute_mock_call(*args, **kwargs)
    data.update(
  Enable tracemalloc to get traceback where the object was allocated.
  See https://docs.pytest.org/en/stable/how-to/capture-warnings.html#resource-warnings for more info.

tests/meraki_select/test_vpn_select.py::test_vpn_select_entity
  /app/custom_components/meraki_ha/core/coordinator_helpers/update_processor.py:183: RuntimeWarning: coroutine 'AsyncMockMixin._execute_mock_call' was never awaited
  Coroutine created at (most recent call last)
    File "/home/jules/.pyenv/versions/3.12.12/lib/python3.12/site-packages/homeassistant/core.py", line 943, in async_run_hass_job
      return self._async_add_hass_job(hassjob, *args, background=background)
    File "/home/jules/.pyenv/versions/3.12.12/lib/python3.12/site-packages/homeassistant/core.py", line 758, in _async_add_hass_job
      task = create_eager_task(
    File "/home/jules/.pyenv/versions/3.12.12/lib/python3.12/site-packages/homeassistant/util/async_.py", line 45, in create_eager_task
      return Task(coro, loop=loop, name=name, eager_start=True)
    File "/home/jules/.pyenv/versions/3.12.12/lib/python3.12/site-packages/homeassistant/helpers/update_coordinator.py", line 355, in async_refresh
      await self._async_refresh(log_failures=True)
    File "/home/jules/.pyenv/versions/3.12.12/lib/python3.12/site-packages/homeassistant/helpers/update_coordinator.py", line 379, in _async_refresh
      self.data = await self._async_update_data()
    File "/app/custom_components/meraki_ha/coordinators/client.py", line 37, in _async_update_data
      ) = await self.update_processor.process_success(data, self.data)
    File "/app/custom_components/meraki_ha/core/coordinator_helpers/update_processor.py", line 136, in process_success
      processed_data = await self.async_process(data, current_data)
    File "/app/custom_components/meraki_ha/core/coordinator_helpers/update_processor.py", line 183, in async_process
      data.update(
    File "/home/jules/.pyenv/versions/3.12.12/lib/python3.12/unittest/mock.py", line 1139, in __call__
      return self._mock_call(*args, **kwargs)
    File "/home/jules/.pyenv/versions/3.12.12/lib/python3.12/unittest/mock.py", line 1143, in _mock_call
      return self._execute_mock_call(*args, **kwargs)
    data.update(
  Enable tracemalloc to get traceback where the object was allocated.
  See https://docs.pytest.org/en/stable/how-to/capture-warnings.html#resource-warnings for more info.

tests/meraki_select/test_vpn_select.py::test_vpn_select_entity
  /app/custom_components/meraki_ha/discovery/service.py:115: RuntimeWarning: coroutine 'AsyncMockMixin._execute_mock_call' was never awaited
  Coroutine created at (most recent call last)
    File "/home/jules/.pyenv/versions/3.12.12/lib/python3.12/asyncio/base_events.py", line 1991, in _run_once
      handle._run()
    File "/home/jules/.pyenv/versions/3.12.12/lib/python3.12/asyncio/events.py", line 88, in _run
      self._context.run(self._callback, *self._args)
    File "/home/jules/.pyenv/versions/3.12.12/lib/python3.12/site-packages/homeassistant/config_entries.py", line 788, in async_setup_locked
      await self.async_setup(hass, integration=integration)
    File "/home/jules/.pyenv/versions/3.12.12/lib/python3.12/site-packages/homeassistant/config_entries.py", line 551, in async_setup
      await self.__async_setup_with_context(hass, integration)
    File "/home/jules/.pyenv/versions/3.12.12/lib/python3.12/site-packages/homeassistant/config_entries.py", line 640, in __async_setup_with_context
      result = await component.async_setup_entry(hass, self)
    File "/app/custom_components/meraki_ha/__init__.py", line 212, in async_setup_entry
      await discovery_service.discover_entities()
    File "/app/custom_components/meraki_ha/discovery/service.py", line 115, in discover_entities
      async for entity in switch_handler.discover_entities():
    File "/app/custom_components/meraki_ha/discovery/handlers/switch.py", line 36, in discover_entities
      devices = self._coordinator.data.get("devices", [])
    File "/home/jules/.pyenv/versions/3.12.12/lib/python3.12/unittest/mock.py", line 1139, in __call__
      return self._mock_call(*args, **kwargs)
    File "/home/jules/.pyenv/versions/3.12.12/lib/python3.12/unittest/mock.py", line 1143, in _mock_call
      return self._execute_mock_call(*args, **kwargs)
    async for entity in switch_handler.discover_entities():
  Enable tracemalloc to get traceback where the object was allocated.
  See https://docs.pytest.org/en/stable/how-to/capture-warnings.html#resource-warnings for more info.

-- Docs: https://docs.pytest.org/en/stable/how-to/capture-warnings.html
=========================== short test summary info ============================
FAILED tests/meraki_select/test_vpn_select.py::test_vpn_select_entity - homeassistant.exceptions.HomeAssistantError: Failed to set VPN mode to 'hub': Unexpected error: An unexpected error occurred: A test tried to use socket.socket.
ERROR tests/meraki_select/test_vpn_select.py::test_vpn_select_entity - Failed: Lingering timer after test <TimerHandle when=4517.091092937 Debouncer._on_debounce() created at /home/jules/.pyenv/versions/3.12.12/lib/python3.12/site-packages/homeassistant/helpers/debounce.py:180>
==================== 1 failed, 7 warnings, 1 error in 1.48s ====================
sys:1: RuntimeWarning: coroutine 'AsyncMockMixin._execute_mock_call' was never awaited
Coroutine created at (most recent call last)
  File "/home/jules/.pyenv/versions/3.12.12/lib/python3.12/site-packages/homeassistant/helpers/entity_component.py", line 197, in async_setup_entry
    return await self._platforms[key].async_setup_entry(config_entry)
  File "/home/jules/.pyenv/versions/3.12.12/lib/python3.12/site-packages/homeassistant/helpers/entity_platform.py", line 333, in async_setup_entry
    return await self._async_setup_platform(async_create_setup_awaitable)
  File "/home/jules/.pyenv/versions/3.12.12/lib/python3.12/site-packages/homeassistant/helpers/entity_platform.py", line 363, in _async_setup_platform
    awaitable = create_eager_task(awaitable, loop=hass.loop)
  File "/home/jules/.pyenv/versions/3.12.12/lib/python3.12/site-packages/homeassistant/util/async_.py", line 45, in create_eager_task
    return Task(coro, loop=loop, name=name, eager_start=True)
  File "/app/custom_components/meraki_ha/switch/__init__.py", line 66, in async_setup_entry
    async_setup_switches(
  File "/app/custom_components/meraki_ha/switch/setup_helpers.py", line 48, in async_setup_switches
    setup_vpn_switches(config_entry, coordinator, added_entities, async_add_entities)
  File "/app/custom_components/meraki_ha/switch/builders/vpn.py", line 27, in setup_vpn_switches
    entities = _build_vpn_entities(
  File "/app/custom_components/meraki_ha/switch/builders/vpn.py", line 42, in _build_vpn_entities
    vpn_status_by_network = data.get("vpn_status", {})
  File "/home/jules/.pyenv/versions/3.12.12/lib/python3.12/unittest/mock.py", line 1139, in __call__
    return self._mock_call(*args, **kwargs)
  File "/home/jules/.pyenv/versions/3.12.12/lib/python3.12/unittest/mock.py", line 1143, in _mock_call
    return self._execute_mock_call(*args, **kwargs)
RuntimeWarning: Enable tracemalloc to get the object allocation traceback
